This is pdfTeX, Version 3.1415926-2.5-1.40.14 (MiKTeX 2.9 64-bit) (preloaded format=pdflatex 2016.8.6)  13 JUL 2019 23:37
entering extended mode
**CO2paper_Draft.tex

(C:\Users\Mostafa\Dropbox\CO2_MostafaVahidShen\CO2_Paper_Draft\Revision\CO2pape
r_Draft.tex
LaTeX2e <2011/06/27>
Babel <v3.8m> and hyphenation patterns for english, afrikaans, ancientgreek, ar
abic, armenian, assamese, basque, bengali, bokmal, bulgarian, catalan, coptic, 
croatian, czech, danish, dutch, esperanto, estonian, farsi, finnish, french, ga
lician, german, german-x-2013-05-26, greek, gujarati, hindi, hungarian, iceland
ic, indonesian, interlingua, irish, italian, kannada, kurmanji, latin, latvian,
 lithuanian, malayalam, marathi, mongolian, mongolianlmc, monogreek, ngerman, n
german-x-2013-05-26, nynorsk, oriya, panjabi, pinyin, polish, portuguese, roman
ian, russian, sanskrit, serbian, slovak, slovenian, spanish, swedish, swissgerm
an, tamil, telugu, turkish, turkmen, ukenglish, ukrainian, uppersorbian, usengl
ishmax, welsh, loaded.
("C:\Program Files\MiKTeX 2.9\tex\latex\elsarticle\elsarticle.cls"
Document Class: elsarticle 2009/09/17, 1.2.0: Elsevier Ltd
\@bls=\dimen102
("C:\Program Files\MiKTeX 2.9\tex\latex\base\article.cls"
Document Class: article 2007/10/19 v1.4h Standard LaTeX document class
("C:\Program Files\MiKTeX 2.9\tex\latex\base\size10.clo"
File: size10.clo 2007/10/19 v1.4h Standard LaTeX file (size option)
)
\c@part=\count79
\c@section=\count80
\c@subsection=\count81
\c@subsubsection=\count82
\c@paragraph=\count83
\c@subparagraph=\count84
\c@figure=\count85
\c@table=\count86
\abovecaptionskip=\skip41
\belowcaptionskip=\skip42
\bibindent=\dimen103
)
("C:\Program Files\MiKTeX 2.9\tex\latex\graphics\graphicx.sty"
Package: graphicx 1999/02/16 v1.0f Enhanced LaTeX Graphics (DPC,SPQR)

("C:\Program Files\MiKTeX 2.9\tex\latex\graphics\keyval.sty"
Package: keyval 1999/03/16 v1.13 key=value parser (DPC)
\KV@toks@=\toks14
)
("C:\Program Files\MiKTeX 2.9\tex\latex\graphics\graphics.sty"
Package: graphics 2009/02/05 v1.0o Standard LaTeX Graphics (DPC,SPQR)

("C:\Program Files\MiKTeX 2.9\tex\latex\graphics\trig.sty"
Package: trig 1999/03/16 v1.09 sin cos tan (DPC)
)
("C:\Program Files\MiKTeX 2.9\tex\latex\00miktex\graphics.cfg"
File: graphics.cfg 2007/01/18 v1.5 graphics configuration of teTeX/TeXLive
)
Package graphics Info: Driver file: pdftex.def on input line 91.

("C:\Program Files\MiKTeX 2.9\tex\latex\pdftex-def\pdftex.def"
File: pdftex.def 2011/05/27 v0.06d Graphics/color for pdfTeX

("C:\Program Files\MiKTeX 2.9\tex\generic\oberdiek\infwarerr.sty"
Package: infwarerr 2010/04/08 v1.3 Providing info/warning/error messages (HO)
)
("C:\Program Files\MiKTeX 2.9\tex\generic\oberdiek\ltxcmds.sty"
Package: ltxcmds 2011/11/09 v1.22 LaTeX kernel commands for general use (HO)
)
\Gread@gobject=\count87
))
\Gin@req@height=\dimen104
\Gin@req@width=\dimen105
)
("C:\Program Files\MiKTeX 2.9\tex\latex\psnfss\pifont.sty"
Package: pifont 2005/04/12 PSNFSS-v9.2a Pi font support (SPQR) 
LaTeX Font Info:    Try loading font information for U+pzd on input line 63.

("C:\Program Files\MiKTeX 2.9\tex\latex\psnfss\upzd.fd"
File: upzd.fd 2001/06/04 font definitions for U/pzd.
)
LaTeX Font Info:    Try loading font information for U+psy on input line 64.

("C:\Program Files\MiKTeX 2.9\tex\latex\psnfss\upsy.fd"
File: upsy.fd 2001/06/04 font definitions for U/psy.
))
\c@tnote=\count88
\c@fnote=\count89
\c@cnote=\count90
\c@ead=\count91
\c@author=\count92
\@eadauthor=\toks15
\c@affn=\count93
\absbox=\box26
\keybox=\box27
\Columnwidth=\dimen106
\space@left=\dimen107
\els@boxa=\box28
\els@boxb=\box29
\leftMargin=\dimen108
\@enLab=\toks16
\@sep=\skip43
\@@sep=\skip44

(C:\Users\Mostafa\Dropbox\CO2_MostafaVahidShen\CO2_Paper_Draft\Revision\CO2pape
r_Draft.spl) ("C:\Program Files\MiKTeX 2.9\tex\latex\natbib\natbib.sty"
Package: natbib 2010/09/13 8.31b (PWD, AO)
\bibhang=\skip45
\bibsep=\skip46
LaTeX Info: Redefining \cite on input line 694.
\c@NAT@ctr=\count94
)
\splwrite=\write3
)
("C:\Program Files\MiKTeX 2.9\tex\latex\lineno\lineno.sty"
Package: lineno 2005/11/02 line numbers on paragraphs v4.41
\linenopenalty=\count95
\output=\toks17
\linenoprevgraf=\count96
\linenumbersep=\dimen109
\linenumberwidth=\dimen110
\c@linenumber=\count97
\c@pagewiselinenumber=\count98
\c@LN@truepage=\count99
\c@internallinenumber=\count100
\c@internallinenumbers=\count101
\quotelinenumbersep=\dimen111
\bframerule=\dimen112
\bframesep=\dimen113
\bframebox=\box30
LaTeX Info: Redefining \\ on input line 3056.
)
("C:\Program Files\MiKTeX 2.9\tex\latex\hyperref\hyperref.sty"
Package: hyperref 2012/11/06 v6.83m Hypertext links for LaTeX

("C:\Program Files\MiKTeX 2.9\tex\generic\oberdiek\hobsub-hyperref.sty"
Package: hobsub-hyperref 2012/04/25 v1.12 Bundle oberdiek, subset hyperref (HO)


("C:\Program Files\MiKTeX 2.9\tex\generic\oberdiek\hobsub-generic.sty"
Package: hobsub-generic 2012/04/25 v1.12 Bundle oberdiek, subset generic (HO)
Package: hobsub 2012/04/25 v1.12 Construct package bundles (HO)
Package hobsub Info: Skipping package `infwarerr' (already loaded).
Package hobsub Info: Skipping package `ltxcmds' (already loaded).
Package: ifluatex 2010/03/01 v1.3 Provides the ifluatex switch (HO)
Package ifluatex Info: LuaTeX not detected.
Package: ifvtex 2010/03/01 v1.5 Detect VTeX and its facilities (HO)
Package ifvtex Info: VTeX not detected.
Package: intcalc 2007/09/27 v1.1 Expandable calculations with integers (HO)
Package: ifpdf 2011/01/30 v2.3 Provides the ifpdf switch (HO)
Package ifpdf Info: pdfTeX in PDF mode is detected.
Package: etexcmds 2011/02/16 v1.5 Avoid name clashes with e-TeX commands (HO)
Package etexcmds Info: Could not find \expanded.
(etexcmds)             That can mean that you are not using pdfTeX 1.50 or
(etexcmds)             that some package has redefined \expanded.
(etexcmds)             In the latter case, load this package earlier.
Package: kvsetkeys 2012/04/25 v1.16 Key value parser (HO)
Package: kvdefinekeys 2011/04/07 v1.3 Define keys (HO)
Package: pdftexcmds 2011/11/29 v0.20 Utility functions of pdfTeX for LuaTeX (HO
)
Package pdftexcmds Info: LuaTeX not detected.
Package pdftexcmds Info: \pdf@primitive is available.
Package pdftexcmds Info: \pdf@ifprimitive is available.
Package pdftexcmds Info: \pdfdraftmode found.
Package: pdfescape 2011/11/25 v1.13 Implements pdfTeX's escape features (HO)
Package: bigintcalc 2012/04/08 v1.3 Expandable calculations on big integers (HO
)
Package: bitset 2011/01/30 v1.1 Handle bit-vector datatype (HO)
Package: uniquecounter 2011/01/30 v1.2 Provide unlimited unique counter (HO)
)
Package hobsub Info: Skipping package `hobsub' (already loaded).
Package: letltxmacro 2010/09/02 v1.4 Let assignment for LaTeX macros (HO)
Package: hopatch 2011/06/24 v1.1 Wrapper for package hooks (HO)
Package: xcolor-patch 2011/01/30 xcolor patch
Package: atveryend 2011/06/30 v1.8 Hooks at the very end of document (HO)
Package atveryend Info: \enddocument detected (standard20110627).
Package: atbegshi 2011/10/05 v1.16 At begin shipout hook (HO)
Package: refcount 2011/10/16 v3.4 Data extraction from label references (HO)
Package: hycolor 2011/01/30 v1.7 Color options for hyperref/bookmark (HO)
)
("C:\Program Files\MiKTeX 2.9\tex\generic\ifxetex\ifxetex.sty"
Package: ifxetex 2010/09/12 v0.6 Provides ifxetex conditional
)
("C:\Program Files\MiKTeX 2.9\tex\latex\oberdiek\auxhook.sty"
Package: auxhook 2011/03/04 v1.3 Hooks for auxiliary files (HO)
)
("C:\Program Files\MiKTeX 2.9\tex\latex\oberdiek\kvoptions.sty"
Package: kvoptions 2011/06/30 v3.11 Key value format for package options (HO)
)
\@linkdim=\dimen114
\Hy@linkcounter=\count102
\Hy@pagecounter=\count103

("C:\Program Files\MiKTeX 2.9\tex\latex\hyperref\pd1enc.def"
File: pd1enc.def 2012/11/06 v6.83m Hyperref: PDFDocEncoding definition (HO)
)
\Hy@SavedSpaceFactor=\count104

("C:\Program Files\MiKTeX 2.9\tex\latex\00miktex\hyperref.cfg"
File: hyperref.cfg 2002/06/06 v1.2 hyperref configuration of TeXLive
)
Package hyperref Info: Hyper figures OFF on input line 4443.
Package hyperref Info: Link nesting OFF on input line 4448.
Package hyperref Info: Hyper index ON on input line 4451.
Package hyperref Info: Plain pages OFF on input line 4458.
Package hyperref Info: Backreferencing OFF on input line 4463.
Package hyperref Info: Implicit mode ON; LaTeX internals redefined.
Package hyperref Info: Bookmarks ON on input line 4688.
\c@Hy@tempcnt=\count105

("C:\Program Files\MiKTeX 2.9\tex\latex\url\url.sty"
\Urlmuskip=\muskip10
Package: url 2013/09/16  ver 3.4  Verb mode for urls, etc.
)
LaTeX Info: Redefining \url on input line 5041.
\XeTeXLinkMargin=\dimen115
\Fld@menulength=\count106
\Field@Width=\dimen116
\Fld@charsize=\dimen117
Package hyperref Info: Hyper figures OFF on input line 6295.
Package hyperref Info: Link nesting OFF on input line 6300.
Package hyperref Info: Hyper index ON on input line 6303.
Package hyperref Info: backreferencing OFF on input line 6310.
Package hyperref Info: Link coloring OFF on input line 6315.
Package hyperref Info: Link coloring with OCG OFF on input line 6320.
Package hyperref Info: PDF/A mode OFF on input line 6325.
LaTeX Info: Redefining \ref on input line 6365.
LaTeX Info: Redefining \pageref on input line 6369.
\Hy@abspage=\count107
\c@Item=\count108
\c@Hfootnote=\count109
)

Package hyperref Message: Driver (autodetected): hpdftex.

("C:\Program Files\MiKTeX 2.9\tex\latex\hyperref\hpdftex.def"
File: hpdftex.def 2012/11/06 v6.83m Hyperref driver for pdfTeX
\Fld@listcount=\count110
\c@bookmark@seq@number=\count111

("C:\Program Files\MiKTeX 2.9\tex\latex\oberdiek\rerunfilecheck.sty"
Package: rerunfilecheck 2011/04/15 v1.7 Rerun checks for auxiliary files (HO)
Package uniquecounter Info: New unique counter `rerunfilecheck' on input line 2
82.
)
\Hy@SectionHShift=\skip47
)
("C:\Program Files\MiKTeX 2.9\tex\latex\amsmath\amsmath.sty"
Package: amsmath 2013/01/14 v2.14 AMS math features
\@mathmargin=\skip48

For additional information on amsmath, use the `?' option.
("C:\Program Files\MiKTeX 2.9\tex\latex\amsmath\amstext.sty"
Package: amstext 2000/06/29 v2.01

("C:\Program Files\MiKTeX 2.9\tex\latex\amsmath\amsgen.sty"
File: amsgen.sty 1999/11/30 v2.0
\@emptytoks=\toks18
\ex@=\dimen118
))
("C:\Program Files\MiKTeX 2.9\tex\latex\amsmath\amsbsy.sty"
Package: amsbsy 1999/11/29 v1.2d
\pmbraise@=\dimen119
)
("C:\Program Files\MiKTeX 2.9\tex\latex\amsmath\amsopn.sty"
Package: amsopn 1999/12/14 v2.01 operator names
)
\inf@bad=\count112
LaTeX Info: Redefining \frac on input line 210.
\uproot@=\count113
\leftroot@=\count114
LaTeX Info: Redefining \overline on input line 306.
\classnum@=\count115
\DOTSCASE@=\count116
LaTeX Info: Redefining \ldots on input line 378.
LaTeX Info: Redefining \dots on input line 381.
LaTeX Info: Redefining \cdots on input line 466.
\Mathstrutbox@=\box31
\strutbox@=\box32
\big@size=\dimen120
LaTeX Font Info:    Redeclaring font encoding OML on input line 566.
LaTeX Font Info:    Redeclaring font encoding OMS on input line 567.
\macc@depth=\count117
\c@MaxMatrixCols=\count118
\dotsspace@=\muskip11
\c@parentequation=\count119
\dspbrk@lvl=\count120
\tag@help=\toks19
\row@=\count121
\column@=\count122
\maxfields@=\count123
\andhelp@=\toks20
\eqnshift@=\dimen121
\alignsep@=\dimen122
\tagshift@=\dimen123
\tagwidth@=\dimen124
\totwidth@=\dimen125
\lineht@=\dimen126
\@envbody=\toks21
\multlinegap=\skip49
\multlinetaggap=\skip50
\mathdisplay@stack=\toks22
LaTeX Info: Redefining \[ on input line 2665.
LaTeX Info: Redefining \] on input line 2666.
)
("C:\Program Files\MiKTeX 2.9\tex\latex\amsfonts\amssymb.sty"
Package: amssymb 2013/01/14 v3.01 AMS font symbols

("C:\Program Files\MiKTeX 2.9\tex\latex\amsfonts\amsfonts.sty"
Package: amsfonts 2013/01/14 v3.01 Basic AMSFonts support
\symAMSa=\mathgroup4
\symAMSb=\mathgroup5
LaTeX Font Info:    Overwriting math alphabet `\mathfrak' in version `bold'
(Font)                  U/euf/m/n --> U/euf/b/n on input line 106.
))
("C:\Program Files\MiKTeX 2.9\tex\latex\tools\bm.sty"
Package: bm 2004/02/26 v1.1c Bold Symbol Support (DPC/FMi)
\symboldoperators=\mathgroup6
\symboldletters=\mathgroup7
\symboldsymbols=\mathgroup8
LaTeX Font Info:    Redeclaring math alphabet \mathbf on input line 138.
LaTeX Info: Redefining \bm on input line 204.
)
("C:\Program Files\MiKTeX 2.9\tex\latex\jknappen\mathrsfs.sty"
Package: mathrsfs 1996/01/01 Math RSFS package v1.0 (jk)
\symrsfs=\mathgroup9
)
("C:\Program Files\MiKTeX 2.9\tex\latex\xcolor\xcolor.sty"
Package: xcolor 2007/01/21 v2.11 LaTeX color extensions (UK)

("C:\Program Files\MiKTeX 2.9\tex\latex\00miktex\color.cfg"
File: color.cfg 2007/01/18 v1.5 color configuration of teTeX/TeXLive
)
Package xcolor Info: Driver file: pdftex.def on input line 225.
Package xcolor Info: Model `cmy' substituted by `cmy0' on input line 1337.
Package xcolor Info: Model `hsb' substituted by `rgb' on input line 1341.
Package xcolor Info: Model `RGB' extended on input line 1353.
Package xcolor Info: Model `HTML' substituted by `rgb' on input line 1355.
Package xcolor Info: Model `Hsb' substituted by `hsb' on input line 1356.
Package xcolor Info: Model `tHsb' substituted by `hsb' on input line 1357.
Package xcolor Info: Model `HSB' substituted by `hsb' on input line 1358.
Package xcolor Info: Model `Gray' substituted by `gray' on input line 1359.
Package xcolor Info: Model `wave' substituted by `hsb' on input line 1360.
)
("C:\Program Files\MiKTeX 2.9\tex\latex\subfig\subfig.sty"
Package: subfig 2005/06/28 ver: 1.3 subfig package

("C:\Program Files\MiKTeX 2.9\tex\latex\caption\caption.sty"
Package: caption 2013/05/02 v3.3-89 Customizing captions (AR)

("C:\Program Files\MiKTeX 2.9\tex\latex\caption\caption3.sty"
Package: caption3 2013/05/02 v1.6-88 caption3 kernel (AR)
Package caption3 Info: TeX engine: e-TeX on input line 57.
\captionmargin=\dimen127
\captionmargin@=\dimen128
\captionwidth=\dimen129
\caption@tempdima=\dimen130
\caption@indent=\dimen131
\caption@parindent=\dimen132
\caption@hangindent=\dimen133
)
\c@ContinuedFloat=\count124
Package caption Info: hyperref package is loaded.
)
\c@KVtest=\count125
\sf@farskip=\skip51
\sf@captopadj=\dimen134
\sf@capskip=\skip52
\sf@nearskip=\skip53
\c@subfigure=\count126
\c@subfigure@save=\count127
\c@lofdepth=\count128
\c@subtable=\count129
\c@subtable@save=\count130
\c@lotdepth=\count131
\sf@top=\skip54
\sf@bottom=\skip55
)
(C:\Users\Mostafa\Dropbox\CO2_MostafaVahidShen\CO2_Paper_Draft\Revision\extrapl
aceins.sty

LaTeX Warning: You have requested package `extraplaceins',
               but the package provides `placeins'.

Package: placeins 2005/04/18  v 2.2
) ("C:\Program Files\MiKTeX 2.9\tex\latex\algorithm2e\algorithm2e.sty"
Package: algorithm2e 2013/01/06 v5.00 algorithms environments
\c@AlgoLine=\count132

("C:\Program Files\MiKTeX 2.9\tex\latex\base\ifthen.sty"
Package: ifthen 2001/05/26 v1.1c Standard LaTeX ifthen package (DPC)
)
("C:\Program Files\MiKTeX 2.9\tex\latex\tools\xspace.sty"
Package: xspace 2009/10/20 v1.13 Space after command names (DPC,MH)
)
("C:\Program Files\MiKTeX 2.9\tex\latex\ltxmisc\relsize.sty"
Package: relsize 2003/07/04 ver 3.1
)
********************************************************
Package `algorithm2e' Release 5.0 -- january 06 2013 --
- algorithm2e-announce@lirmm.fr mailing list for announcement about releases
- algorithm2e-discussion@lirmm.fr mailing list for discussion about package
subscribe by emailing sympa@lirmm.fr with 'subscribe <list> <firstname name>'
- Author: Christophe Fiorio (cfiorio@um2.fr)
********************************************************
\skiptotal=\skip56
\skiplinenumber=\skip57
\skiprule=\skip58
\skiphlne=\skip59
\skiptext=\skip60
\skiplength=\skip61
\algomargin=\skip62
\skipalgocfslide=\skip63
\algowidth=\dimen135
\inoutsize=\dimen136
\inoutindent=\dimen137
\interspacetitleruled=\dimen138
\interspacealgoruled=\dimen139
\interspacetitleboxruled=\dimen140
\algocf@inoutbox=\box33
\algocf@inputbox=\box34
\AlCapSkip=\skip64
\AlCapHSkip=\skip65
\algoskipindent=\skip66
\algocf@nlbox=\box35
\algocf@hangingbox=\box36
\algocf@untilbox=\box37
\algocf@skipuntil=\skip67
\algocf@capbox=\box38
\algoheightruledefault=\skip68
\algoheightrule=\skip69
\algotitleheightruledefault=\skip70
\algotitleheightrule=\skip71
\c@algocfline=\count133
\c@algocfproc=\count134
\c@algocf=\count135
\algocf@algoframe=\box39
\algocf@algobox=\box40
) ("C:\Program Files\MiKTeX 2.9\tex\latex\algorithmicx\algpseudocode.sty"
Package: algpseudocode 

("C:\Program Files\MiKTeX 2.9\tex\latex\algorithmicx\algorithmicx.sty"
Package: algorithmicx 2005/04/27 v1.2 Algorithmicx

Document Style algorithmicx 1.2 - a greatly improved `algorithmic' style
\c@ALG@line=\count136
\c@ALG@rem=\count137
\c@ALG@nested=\count138
\ALG@tlm=\skip72
\ALG@thistlm=\skip73
\c@ALG@Lnr=\count139
\c@ALG@blocknr=\count140
\c@ALG@storecount=\count141
\c@ALG@tmpcounter=\count142
\ALG@tmplength=\skip74
)
Document Style - pseudocode environments for use with the `algorithmicx' style
) ("C:\Program Files\MiKTeX 2.9\tex\latex\placeins\placeins.sty"
Package: placeins 2005/04/18  v 2.2
)
("C:\Program Files\MiKTeX 2.9\tex\latex\base\textcomp.sty"
Package: textcomp 2005/09/27 v1.99g Standard LaTeX package
Package textcomp Info: Sub-encoding information:
(textcomp)               5 = only ISO-Adobe without \textcurrency
(textcomp)               4 = 5 + \texteuro
(textcomp)               3 = 4 + \textohm
(textcomp)               2 = 3 + \textestimated + \textcurrency
(textcomp)               1 = TS1 - \textcircled - \t
(textcomp)               0 = TS1 (full)
(textcomp)             Font families with sub-encoding setting implement
(textcomp)             only a restricted character set as indicated.
(textcomp)             Family '?' is the default used for unknown fonts.
(textcomp)             See the documentation for details.
Package textcomp Info: Setting ? sub-encoding to TS1/1 on input line 71.

("C:\Program Files\MiKTeX 2.9\tex\latex\base\ts1enc.def"
File: ts1enc.def 2001/06/05 v3.0e (jk/car/fm) Standard LaTeX file
)
LaTeX Info: Redefining \oldstylenums on input line 266.
Package textcomp Info: Setting cmr sub-encoding to TS1/0 on input line 281.
Package textcomp Info: Setting cmss sub-encoding to TS1/0 on input line 282.
Package textcomp Info: Setting cmtt sub-encoding to TS1/0 on input line 283.
Package textcomp Info: Setting cmvtt sub-encoding to TS1/0 on input line 284.
Package textcomp Info: Setting cmbr sub-encoding to TS1/0 on input line 285.
Package textcomp Info: Setting cmtl sub-encoding to TS1/0 on input line 286.
Package textcomp Info: Setting ccr sub-encoding to TS1/0 on input line 287.
Package textcomp Info: Setting ptm sub-encoding to TS1/4 on input line 288.
Package textcomp Info: Setting pcr sub-encoding to TS1/4 on input line 289.
Package textcomp Info: Setting phv sub-encoding to TS1/4 on input line 290.
Package textcomp Info: Setting ppl sub-encoding to TS1/3 on input line 291.
Package textcomp Info: Setting pag sub-encoding to TS1/4 on input line 292.
Package textcomp Info: Setting pbk sub-encoding to TS1/4 on input line 293.
Package textcomp Info: Setting pnc sub-encoding to TS1/4 on input line 294.
Package textcomp Info: Setting pzc sub-encoding to TS1/4 on input line 295.
Package textcomp Info: Setting bch sub-encoding to TS1/4 on input line 296.
Package textcomp Info: Setting put sub-encoding to TS1/5 on input line 297.
Package textcomp Info: Setting uag sub-encoding to TS1/5 on input line 298.
Package textcomp Info: Setting ugq sub-encoding to TS1/5 on input line 299.
Package textcomp Info: Setting ul8 sub-encoding to TS1/4 on input line 300.
Package textcomp Info: Setting ul9 sub-encoding to TS1/4 on input line 301.
Package textcomp Info: Setting augie sub-encoding to TS1/5 on input line 302.
Package textcomp Info: Setting dayrom sub-encoding to TS1/3 on input line 303.
Package textcomp Info: Setting dayroms sub-encoding to TS1/3 on input line 304.

Package textcomp Info: Setting pxr sub-encoding to TS1/0 on input line 305.
Package textcomp Info: Setting pxss sub-encoding to TS1/0 on input line 306.
Package textcomp Info: Setting pxtt sub-encoding to TS1/0 on input line 307.
Package textcomp Info: Setting txr sub-encoding to TS1/0 on input line 308.
Package textcomp Info: Setting txss sub-encoding to TS1/0 on input line 309.
Package textcomp Info: Setting txtt sub-encoding to TS1/0 on input line 310.
Package textcomp Info: Setting lmr sub-encoding to TS1/0 on input line 311.
Package textcomp Info: Setting lmdh sub-encoding to TS1/0 on input line 312.
Package textcomp Info: Setting lmss sub-encoding to TS1/0 on input line 313.
Package textcomp Info: Setting lmssq sub-encoding to TS1/0 on input line 314.
Package textcomp Info: Setting lmvtt sub-encoding to TS1/0 on input line 315.
Package textcomp Info: Setting qhv sub-encoding to TS1/0 on input line 316.
Package textcomp Info: Setting qag sub-encoding to TS1/0 on input line 317.
Package textcomp Info: Setting qbk sub-encoding to TS1/0 on input line 318.
Package textcomp Info: Setting qcr sub-encoding to TS1/0 on input line 319.
Package textcomp Info: Setting qcs sub-encoding to TS1/0 on input line 320.
Package textcomp Info: Setting qpl sub-encoding to TS1/0 on input line 321.
Package textcomp Info: Setting qtm sub-encoding to TS1/0 on input line 322.
Package textcomp Info: Setting qzc sub-encoding to TS1/0 on input line 323.
Package textcomp Info: Setting qhvc sub-encoding to TS1/0 on input line 324.
Package textcomp Info: Setting futs sub-encoding to TS1/4 on input line 325.
Package textcomp Info: Setting futx sub-encoding to TS1/4 on input line 326.
Package textcomp Info: Setting futj sub-encoding to TS1/4 on input line 327.
Package textcomp Info: Setting hlh sub-encoding to TS1/3 on input line 328.
Package textcomp Info: Setting hls sub-encoding to TS1/3 on input line 329.
Package textcomp Info: Setting hlst sub-encoding to TS1/3 on input line 330.
Package textcomp Info: Setting hlct sub-encoding to TS1/5 on input line 331.
Package textcomp Info: Setting hlx sub-encoding to TS1/5 on input line 332.
Package textcomp Info: Setting hlce sub-encoding to TS1/5 on input line 333.
Package textcomp Info: Setting hlcn sub-encoding to TS1/5 on input line 334.
Package textcomp Info: Setting hlcw sub-encoding to TS1/5 on input line 335.
Package textcomp Info: Setting hlcf sub-encoding to TS1/5 on input line 336.
Package textcomp Info: Setting pplx sub-encoding to TS1/3 on input line 337.
Package textcomp Info: Setting pplj sub-encoding to TS1/3 on input line 338.
Package textcomp Info: Setting ptmx sub-encoding to TS1/4 on input line 339.
Package textcomp Info: Setting ptmj sub-encoding to TS1/4 on input line 340.
)
("C:\Program Files\MiKTeX 2.9\tex\latex\amsfonts\euscript.sty"
Package: euscript 2009/06/22 v3.00 Euler Script fonts
LaTeX Font Info:    Overwriting math alphabet `\EuScript' in version `bold'
(Font)                  U/eus/m/n --> U/eus/b/n on input line 33.
)
("C:\Program Files\MiKTeX 2.9\tex\latex\oberdiek\epstopdf.sty"
Package: epstopdf 2010/02/09 v2.5 Conversion with epstopdf on the fly (HO)

("C:\Program Files\MiKTeX 2.9\tex\latex\oberdiek\epstopdf-base.sty"
Package: epstopdf-base 2010/02/09 v2.5 Base part for package epstopdf

("C:\Program Files\MiKTeX 2.9\tex\latex\oberdiek\grfext.sty"
Package: grfext 2010/08/19 v1.1 Manage graphics extensions (HO)
)
Package grfext Info: Graphics extension search list:
(grfext)             [.png,.pdf,.jpg,.mps,.jpeg,.jbig2,.jb2,.PNG,.PDF,.JPG,.JPE
G,.JBIG2,.JB2,.eps]
(grfext)             \AppendGraphicsExtensions on input line 452.
))
("C:\Program Files\MiKTeX 2.9\tex\latex\todonotes\todonotes.sty"
Package: todonotes 2012/07/25 .dtx Todonotes source and documentation.
Package: todonotes 2012/07/25

("C:\Program Files\MiKTeX 2.9\tex\latex\xkeyval\xkeyval.sty"
Package: xkeyval 2012/10/14 v2.6b package option processing (HA)

("C:\Program Files\MiKTeX 2.9\tex\generic\xkeyval\xkeyval.tex"
\XKV@toks=\toks23
\XKV@tempa@toks=\toks24
\XKV@depth=\count143
File: xkeyval.tex 2012/10/14 v2.6b key=value parser (HA)
))
("C:\Program Files\MiKTeX 2.9\tex\latex\pgf\frontendlayer\tikz.sty"
("C:\Program Files\MiKTeX 2.9\tex\latex\pgf\basiclayer\pgf.sty"
("C:\Program Files\MiKTeX 2.9\tex\latex\pgf\utilities\pgfrcs.sty"
("C:\Program Files\MiKTeX 2.9\tex\generic\pgf\utilities\pgfutil-common.tex"
\pgfutil@everybye=\toks25
)
("C:\Program Files\MiKTeX 2.9\tex\generic\pgf\utilities\pgfutil-latex.def"
\pgfutil@abb=\box41

("C:\Program Files\MiKTeX 2.9\tex\latex\ms\everyshi.sty"
Package: everyshi 2001/05/15 v3.00 EveryShipout Package (MS)
))
("C:\Program Files\MiKTeX 2.9\tex\generic\pgf\utilities\pgfrcs.code.tex"
Package: pgfrcs 2010/10/25 v2.10 (rcs-revision 1.24)
))
Package: pgf 2008/01/15 v2.10 (rcs-revision 1.12)

("C:\Program Files\MiKTeX 2.9\tex\latex\pgf\basiclayer\pgfcore.sty"
("C:\Program Files\MiKTeX 2.9\tex\latex\pgf\systemlayer\pgfsys.sty"
("C:\Program Files\MiKTeX 2.9\tex\generic\pgf\systemlayer\pgfsys.code.tex"
Package: pgfsys 2010/06/30 v2.10 (rcs-revision 1.37)

("C:\Program Files\MiKTeX 2.9\tex\generic\pgf\utilities\pgfkeys.code.tex"
\pgfkeys@pathtoks=\toks26
\pgfkeys@temptoks=\toks27

("C:\Program Files\MiKTeX 2.9\tex\generic\pgf\utilities\pgfkeysfiltered.code.te
x"
\pgfkeys@tmptoks=\toks28
))
\pgf@x=\dimen141
\pgf@y=\dimen142
\pgf@xa=\dimen143
\pgf@ya=\dimen144
\pgf@xb=\dimen145
\pgf@yb=\dimen146
\pgf@xc=\dimen147
\pgf@yc=\dimen148
\w@pgf@writea=\write4
\r@pgf@reada=\read1
\c@pgf@counta=\count144
\c@pgf@countb=\count145
\c@pgf@countc=\count146
\c@pgf@countd=\count147
 ("C:\Program Files\MiKTeX 2.9\tex\generic\pgf\systemlayer\pgf.cfg"
File: pgf.cfg 2008/05/14  (rcs-revision 1.7)
)
Package pgfsys Info: Driver file for pgf: pgfsys-pdftex.def on input line 900.

("C:\Program Files\MiKTeX 2.9\tex\generic\pgf\systemlayer\pgfsys-pdftex.def"
File: pgfsys-pdftex.def 2009/05/22  (rcs-revision 1.26)

("C:\Program Files\MiKTeX 2.9\tex\generic\pgf\systemlayer\pgfsys-common-pdf.def
"
File: pgfsys-common-pdf.def 2008/05/19  (rcs-revision 1.10)
)))
("C:\Program Files\MiKTeX 2.9\tex\generic\pgf\systemlayer\pgfsyssoftpath.code.t
ex"
File: pgfsyssoftpath.code.tex 2008/07/18  (rcs-revision 1.7)
\pgfsyssoftpath@smallbuffer@items=\count148
\pgfsyssoftpath@bigbuffer@items=\count149
)
("C:\Program Files\MiKTeX 2.9\tex\generic\pgf\systemlayer\pgfsysprotocol.code.t
ex"
File: pgfsysprotocol.code.tex 2006/10/16  (rcs-revision 1.4)
)) ("C:\Program Files\MiKTeX 2.9\tex\generic\pgf\basiclayer\pgfcore.code.tex"
Package: pgfcore 2010/04/11 v2.10 (rcs-revision 1.7)
 ("C:\Program Files\MiKTeX 2.9\tex\generic\pgf\math\pgfmath.code.tex"
("C:\Program Files\MiKTeX 2.9\tex\generic\pgf\math\pgfmathcalc.code.tex"
("C:\Program Files\MiKTeX 2.9\tex\generic\pgf\math\pgfmathutil.code.tex")
("C:\Program Files\MiKTeX 2.9\tex\generic\pgf\math\pgfmathparser.code.tex"
\pgfmath@dimen=\dimen149
\pgfmath@count=\count150
\pgfmath@box=\box42
\pgfmath@toks=\toks29
\pgfmath@stack@operand=\toks30
\pgfmath@stack@operation=\toks31
)
("C:\Program Files\MiKTeX 2.9\tex\generic\pgf\math\pgfmathfunctions.code.tex"
("C:\Program Files\MiKTeX 2.9\tex\generic\pgf\math\pgfmathfunctions.basic.code.
tex")
("C:\Program Files\MiKTeX 2.9\tex\generic\pgf\math\pgfmathfunctions.trigonometr
ic.code.tex")
("C:\Program Files\MiKTeX 2.9\tex\generic\pgf\math\pgfmathfunctions.random.code
.tex")
("C:\Program Files\MiKTeX 2.9\tex\generic\pgf\math\pgfmathfunctions.comparison.
code.tex")
("C:\Program Files\MiKTeX 2.9\tex\generic\pgf\math\pgfmathfunctions.base.code.t
ex")
("C:\Program Files\MiKTeX 2.9\tex\generic\pgf\math\pgfmathfunctions.round.code.
tex")
("C:\Program Files\MiKTeX 2.9\tex\generic\pgf\math\pgfmathfunctions.misc.code.t
ex"))) ("C:\Program Files\MiKTeX 2.9\tex\generic\pgf\math\pgfmathfloat.code.tex
"
\c@pgfmathroundto@lastzeros=\count151
))
("C:\Program Files\MiKTeX 2.9\tex\generic\pgf\basiclayer\pgfcorepoints.code.tex
"
File: pgfcorepoints.code.tex 2010/04/09  (rcs-revision 1.20)
\pgf@picminx=\dimen150
\pgf@picmaxx=\dimen151
\pgf@picminy=\dimen152
\pgf@picmaxy=\dimen153
\pgf@pathminx=\dimen154
\pgf@pathmaxx=\dimen155
\pgf@pathminy=\dimen156
\pgf@pathmaxy=\dimen157
\pgf@xx=\dimen158
\pgf@xy=\dimen159
\pgf@yx=\dimen160
\pgf@yy=\dimen161
\pgf@zx=\dimen162
\pgf@zy=\dimen163
)
("C:\Program Files\MiKTeX 2.9\tex\generic\pgf\basiclayer\pgfcorepathconstruct.c
ode.tex"
File: pgfcorepathconstruct.code.tex 2010/08/03  (rcs-revision 1.24)
\pgf@path@lastx=\dimen164
\pgf@path@lasty=\dimen165
)
("C:\Program Files\MiKTeX 2.9\tex\generic\pgf\basiclayer\pgfcorepathusage.code.
tex"
File: pgfcorepathusage.code.tex 2008/04/22  (rcs-revision 1.12)
\pgf@shorten@end@additional=\dimen166
\pgf@shorten@start@additional=\dimen167
)
("C:\Program Files\MiKTeX 2.9\tex\generic\pgf\basiclayer\pgfcorescopes.code.tex
"
File: pgfcorescopes.code.tex 2010/09/08  (rcs-revision 1.34)
\pgfpic=\box43
\pgf@hbox=\box44
\pgf@layerbox@main=\box45
\pgf@picture@serial@count=\count152
)
("C:\Program Files\MiKTeX 2.9\tex\generic\pgf\basiclayer\pgfcoregraphicstate.co
de.tex"
File: pgfcoregraphicstate.code.tex 2008/04/22  (rcs-revision 1.9)
\pgflinewidth=\dimen168
)
("C:\Program Files\MiKTeX 2.9\tex\generic\pgf\basiclayer\pgfcoretransformations
.code.tex"
File: pgfcoretransformations.code.tex 2009/06/10  (rcs-revision 1.11)
\pgf@pt@x=\dimen169
\pgf@pt@y=\dimen170
\pgf@pt@temp=\dimen171
)
("C:\Program Files\MiKTeX 2.9\tex\generic\pgf\basiclayer\pgfcorequick.code.tex"
File: pgfcorequick.code.tex 2008/10/09  (rcs-revision 1.3)
)
("C:\Program Files\MiKTeX 2.9\tex\generic\pgf\basiclayer\pgfcoreobjects.code.te
x"
File: pgfcoreobjects.code.tex 2006/10/11  (rcs-revision 1.2)
)
("C:\Program Files\MiKTeX 2.9\tex\generic\pgf\basiclayer\pgfcorepathprocessing.
code.tex"
File: pgfcorepathprocessing.code.tex 2008/10/09  (rcs-revision 1.8)
)
("C:\Program Files\MiKTeX 2.9\tex\generic\pgf\basiclayer\pgfcorearrows.code.tex
"
File: pgfcorearrows.code.tex 2008/04/23  (rcs-revision 1.11)
)
("C:\Program Files\MiKTeX 2.9\tex\generic\pgf\basiclayer\pgfcoreshade.code.tex"
File: pgfcoreshade.code.tex 2008/11/23  (rcs-revision 1.13)
\pgf@max=\dimen172
\pgf@sys@shading@range@num=\count153
) ("C:\Program Files\MiKTeX 2.9\tex\generic\pgf\basiclayer\pgfcoreimage.code.te
x"
File: pgfcoreimage.code.tex 2010/03/25  (rcs-revision 1.16)

("C:\Program Files\MiKTeX 2.9\tex\generic\pgf\basiclayer\pgfcoreexternal.code.t
ex"
File: pgfcoreexternal.code.tex 2010/09/01  (rcs-revision 1.17)
\pgfexternal@startupbox=\box46
))
("C:\Program Files\MiKTeX 2.9\tex\generic\pgf\basiclayer\pgfcorelayers.code.tex
"
File: pgfcorelayers.code.tex 2010/08/27  (rcs-revision 1.2)
)
("C:\Program Files\MiKTeX 2.9\tex\generic\pgf\basiclayer\pgfcoretransparency.co
de.tex"
File: pgfcoretransparency.code.tex 2008/01/17  (rcs-revision 1.2)
)
("C:\Program Files\MiKTeX 2.9\tex\generic\pgf\basiclayer\pgfcorepatterns.code.t
ex"
File: pgfcorepatterns.code.tex 2009/07/02  (rcs-revision 1.3)
)))
("C:\Program Files\MiKTeX 2.9\tex\generic\pgf\modules\pgfmoduleshapes.code.tex"
File: pgfmoduleshapes.code.tex 2010/09/09  (rcs-revision 1.13)
\pgfnodeparttextbox=\box47
) ("C:\Program Files\MiKTeX 2.9\tex\generic\pgf\modules\pgfmoduleplot.code.tex"
File: pgfmoduleplot.code.tex 2010/10/22  (rcs-revision 1.8)
)
("C:\Program Files\MiKTeX 2.9\tex\latex\pgf\compatibility\pgfcomp-version-0-65.
sty"
Package: pgfcomp-version-0-65 2007/07/03 v2.10 (rcs-revision 1.7)
\pgf@nodesepstart=\dimen173
\pgf@nodesepend=\dimen174
)
("C:\Program Files\MiKTeX 2.9\tex\latex\pgf\compatibility\pgfcomp-version-1-18.
sty"
Package: pgfcomp-version-1-18 2007/07/23 v2.10 (rcs-revision 1.1)
)) ("C:\Program Files\MiKTeX 2.9\tex\latex\pgf\utilities\pgffor.sty"
("C:\Program Files\MiKTeX 2.9\tex\latex\pgf\utilities\pgfkeys.sty"
("C:\Program Files\MiKTeX 2.9\tex\generic\pgf\utilities\pgfkeys.code.tex"))
("C:\Program Files\MiKTeX 2.9\tex\generic\pgf\utilities\pgffor.code.tex"
Package: pgffor 2010/03/23 v2.10 (rcs-revision 1.18)
\pgffor@iter=\dimen175
\pgffor@skip=\dimen176
\pgffor@stack=\toks32
\pgffor@toks=\toks33
))
("C:\Program Files\MiKTeX 2.9\tex\generic\pgf\frontendlayer\tikz\tikz.code.tex"
Package: tikz 2010/10/13 v2.10 (rcs-revision 1.76)

("C:\Program Files\MiKTeX 2.9\tex\generic\pgf\libraries\pgflibraryplothandlers.
code.tex"
File: pgflibraryplothandlers.code.tex 2010/05/31 v2.10 (rcs-revision 1.15)
\pgf@plot@mark@count=\count154
\pgfplotmarksize=\dimen177
)
\tikz@lastx=\dimen178
\tikz@lasty=\dimen179
\tikz@lastxsaved=\dimen180
\tikz@lastysaved=\dimen181
\tikzleveldistance=\dimen182
\tikzsiblingdistance=\dimen183
\tikz@figbox=\box48
\tikz@tempbox=\box49
\tikztreelevel=\count155
\tikznumberofchildren=\count156
\tikznumberofcurrentchild=\count157
\tikz@fig@count=\count158

("C:\Program Files\MiKTeX 2.9\tex\generic\pgf\modules\pgfmodulematrix.code.tex"
File: pgfmodulematrix.code.tex 2010/08/24  (rcs-revision 1.4)
\pgfmatrixcurrentrow=\count159
\pgfmatrixcurrentcolumn=\count160
\pgf@matrix@numberofcolumns=\count161
)
\tikz@expandcount=\count162

("C:\Program Files\MiKTeX 2.9\tex\generic\pgf\frontendlayer\tikz\libraries\tikz
librarytopaths.code.tex"
File: tikzlibrarytopaths.code.tex 2008/06/17 v2.10 (rcs-revision 1.2)
)))
("C:\Program Files\MiKTeX 2.9\tex\generic\pgf\frontendlayer\tikz\libraries\tikz
librarypositioning.code.tex"
File: tikzlibrarypositioning.code.tex 2008/10/06 v2.10 (rcs-revision 1.7)
)
("C:\Program Files\MiKTeX 2.9\tex\latex\tools\calc.sty"
Package: calc 2007/08/22 v4.3 Infix arithmetic (KKT,FJ)
\calc@Acount=\count163
\calc@Bcount=\count164
\calc@Adimen=\dimen184
\calc@Bdimen=\dimen185
\calc@Askip=\skip75
\calc@Bskip=\skip76
LaTeX Info: Redefining \setlength on input line 76.
LaTeX Info: Redefining \addtolength on input line 77.
\calc@Ccount=\count165
\calc@Cskip=\skip77
)
\c@@todonotes@numberoftodonotes=\count166
)
("C:\Program Files\MiKTeX 2.9\tex\latex\booktabs\booktabs.sty"
Package: booktabs 2005/04/14 v1.61803 publication quality tables
\heavyrulewidth=\dimen186
\lightrulewidth=\dimen187
\cmidrulewidth=\dimen188
\belowrulesep=\dimen189
\belowbottomsep=\dimen190
\aboverulesep=\dimen191
\abovetopsep=\dimen192
\cmidrulesep=\dimen193
\cmidrulekern=\dimen194
\defaultaddspace=\dimen195
\@cmidla=\count167
\@cmidlb=\count168
\@aboverulesep=\dimen196
\@belowrulesep=\dimen197
\@thisruleclass=\count169
\@lastruleclass=\count170
\@thisrulewidth=\dimen198
)
("C:\Program Files\MiKTeX 2.9\tex\latex\listings\listings.sty"
\lst@mode=\count171
\lst@gtempboxa=\box50
\lst@token=\toks34
\lst@length=\count172
\lst@currlwidth=\dimen199
\lst@column=\count173
\lst@pos=\count174
\lst@lostspace=\dimen200
\lst@width=\dimen201
\lst@newlines=\count175
\lst@lineno=\count176
\lst@maxwidth=\dimen202

("C:\Program Files\MiKTeX 2.9\tex\latex\listings\lstmisc.sty"
File: lstmisc.sty 2013/08/26 1.5b (Carsten Heinz)
\c@lstnumber=\count177
\lst@skipnumbers=\count178
\lst@framebox=\box51
)
("C:\Program Files\MiKTeX 2.9\tex\latex\listings\listings.cfg"
File: listings.cfg 2013/08/26 1.5b listings configuration
))
Package: listings 2013/08/26 1.5b (Carsten Heinz)

("C:\Program Files\MiKTeX 2.9\tex\latex\changes\changes.sty"
Package: changes 2013/08/13 v2.0.2 changes-Paket

*** changes-Paket 2013/08/13 v2.0.2 ***
("C:\Program Files\MiKTeX 2.9\tex\latex\xifthen\xifthen.sty"
Package: xifthen 2009/04/17 v1.3 Extended ifthen features

("C:\Program Files\MiKTeX 2.9\tex\latex\misc\etex.sty"
Package: etex 1998/03/26 v2.0 eTeX basic definition package (PEB)
\et@xins=\count179
)
("C:\Program Files\MiKTeX 2.9\tex\latex\ifmtarg\ifmtarg.sty"
Package: ifmtarg 2009/09/02 v1.2a check for an empty argument
))
("C:\Program Files\MiKTeX 2.9\tex\latex\oberdiek\pdfcolmk.sty"
Package: pdfcolmk 2008/08/11 v1.2 Color support for pdfTeX via marks (HO)
Package pdfcolmk Info: The color stack of pdfTeX >= 1.40 is used. Therefore
(pdfcolmk)             this package is not necessary and not loaded.
)
("C:\Program Files\MiKTeX 2.9\tex\latex\ulem\ulem.sty"
\UL@box=\box52
\UL@hyphenbox=\box53
\UL@skip=\skip78
\UL@hook=\toks35
\UL@height=\dimen203
\UL@pe=\count180
\UL@pixel=\dimen204
\ULC@box=\box54
Package: ulem 2012/05/18
\ULdepth=\dimen205
)
\c@Changes@AuthorCount=\count181
\c@Changes@Author=\count182
\c@Changes@AddCount=\count183
\c@Changes@DeleteCount=\count184
\c@Changes@ReplaceCount=\count185

("C:\Program Files\MiKTeX 2.9\tex\latex\truncate\truncate.sty"
Package: truncate 2001/08/20  ver 3.6
\@Trunc@RestHyph=\toks36
)
\Changes@Len@summ=\skip79
)
("C:\Program Files\MiKTeX 2.9\tex\latex\lipsum\lipsum.sty"
Package: lipsum 2011/04/14 v1.2 150 paragraphs of Lorem Ipsum dummy text
\c@lips@count=\count186
)
\c@Changes@AddCountVahid=\count187
\c@Changes@DeleteCountVahid=\count188
\c@Changes@ReplaceCountVahid=\count189

("C:\Program Files\MiKTeX 2.9\tex\latex\listings\lstlang1.sty"
File: lstlang1.sty 2013/08/26 1.5b listings language file
)
("C:\Program Files\MiKTeX 2.9\tex\latex\base\inputenc.sty"
Package: inputenc 2008/03/30 v1.1d Input encoding file
\inpenc@prehook=\toks37
\inpenc@posthook=\toks38

("C:\Program Files\MiKTeX 2.9\tex\latex\base\utf8.def"
File: utf8.def 2008/04/05 v1.1m UTF-8 support for inputenc
Now handling font encoding OML ...
... no UTF-8 mapping file for font encoding OML
Now handling font encoding T1 ...
... processing UTF-8 mapping file for font encoding T1

("C:\Program Files\MiKTeX 2.9\tex\latex\base\t1enc.dfu"
File: t1enc.dfu 2008/04/05 v1.1m UTF-8 support for inputenc
   defining Unicode char U+00A1 (decimal 161)
   defining Unicode char U+00A3 (decimal 163)
   defining Unicode char U+00AB (decimal 171)
   defining Unicode char U+00BB (decimal 187)
   defining Unicode char U+00BF (decimal 191)
   defining Unicode char U+00C0 (decimal 192)
   defining Unicode char U+00C1 (decimal 193)
   defining Unicode char U+00C2 (decimal 194)
   defining Unicode char U+00C3 (decimal 195)
   defining Unicode char U+00C4 (decimal 196)
   defining Unicode char U+00C5 (decimal 197)
   defining Unicode char U+00C6 (decimal 198)
   defining Unicode char U+00C7 (decimal 199)
   defining Unicode char U+00C8 (decimal 200)
   defining Unicode char U+00C9 (decimal 201)
   defining Unicode char U+00CA (decimal 202)
   defining Unicode char U+00CB (decimal 203)
   defining Unicode char U+00CC (decimal 204)
   defining Unicode char U+00CD (decimal 205)
   defining Unicode char U+00CE (decimal 206)
   defining Unicode char U+00CF (decimal 207)
   defining Unicode char U+00D0 (decimal 208)
   defining Unicode char U+00D1 (decimal 209)
   defining Unicode char U+00D2 (decimal 210)
   defining Unicode char U+00D3 (decimal 211)
   defining Unicode char U+00D4 (decimal 212)
   defining Unicode char U+00D5 (decimal 213)
   defining Unicode char U+00D6 (decimal 214)
   defining Unicode char U+00D8 (decimal 216)
   defining Unicode char U+00D9 (decimal 217)
   defining Unicode char U+00DA (decimal 218)
   defining Unicode char U+00DB (decimal 219)
   defining Unicode char U+00DC (decimal 220)
   defining Unicode char U+00DD (decimal 221)
   defining Unicode char U+00DE (decimal 222)
   defining Unicode char U+00DF (decimal 223)
   defining Unicode char U+00E0 (decimal 224)
   defining Unicode char U+00E1 (decimal 225)
   defining Unicode char U+00E2 (decimal 226)
   defining Unicode char U+00E3 (decimal 227)
   defining Unicode char U+00E4 (decimal 228)
   defining Unicode char U+00E5 (decimal 229)
   defining Unicode char U+00E6 (decimal 230)
   defining Unicode char U+00E7 (decimal 231)
   defining Unicode char U+00E8 (decimal 232)
   defining Unicode char U+00E9 (decimal 233)
   defining Unicode char U+00EA (decimal 234)
   defining Unicode char U+00EB (decimal 235)
   defining Unicode char U+00EC (decimal 236)
   defining Unicode char U+00ED (decimal 237)
   defining Unicode char U+00EE (decimal 238)
   defining Unicode char U+00EF (decimal 239)
   defining Unicode char U+00F0 (decimal 240)
   defining Unicode char U+00F1 (decimal 241)
   defining Unicode char U+00F2 (decimal 242)
   defining Unicode char U+00F3 (decimal 243)
   defining Unicode char U+00F4 (decimal 244)
   defining Unicode char U+00F5 (decimal 245)
   defining Unicode char U+00F6 (decimal 246)
   defining Unicode char U+00F8 (decimal 248)
   defining Unicode char U+00F9 (decimal 249)
   defining Unicode char U+00FA (decimal 250)
   defining Unicode char U+00FB (decimal 251)
   defining Unicode char U+00FC (decimal 252)
   defining Unicode char U+00FD (decimal 253)
   defining Unicode char U+00FE (decimal 254)
   defining Unicode char U+00FF (decimal 255)
   defining Unicode char U+0102 (decimal 258)
   defining Unicode char U+0103 (decimal 259)
   defining Unicode char U+0104 (decimal 260)
   defining Unicode char U+0105 (decimal 261)
   defining Unicode char U+0106 (decimal 262)
   defining Unicode char U+0107 (decimal 263)
   defining Unicode char U+010C (decimal 268)
   defining Unicode char U+010D (decimal 269)
   defining Unicode char U+010E (decimal 270)
   defining Unicode char U+010F (decimal 271)
   defining Unicode char U+0110 (decimal 272)
   defining Unicode char U+0111 (decimal 273)
   defining Unicode char U+0118 (decimal 280)
   defining Unicode char U+0119 (decimal 281)
   defining Unicode char U+011A (decimal 282)
   defining Unicode char U+011B (decimal 283)
   defining Unicode char U+011E (decimal 286)
   defining Unicode char U+011F (decimal 287)
   defining Unicode char U+0130 (decimal 304)
   defining Unicode char U+0131 (decimal 305)
   defining Unicode char U+0132 (decimal 306)
   defining Unicode char U+0133 (decimal 307)
   defining Unicode char U+0139 (decimal 313)
   defining Unicode char U+013A (decimal 314)
   defining Unicode char U+013D (decimal 317)
   defining Unicode char U+013E (decimal 318)
   defining Unicode char U+0141 (decimal 321)
   defining Unicode char U+0142 (decimal 322)
   defining Unicode char U+0143 (decimal 323)
   defining Unicode char U+0144 (decimal 324)
   defining Unicode char U+0147 (decimal 327)
   defining Unicode char U+0148 (decimal 328)
   defining Unicode char U+014A (decimal 330)
   defining Unicode char U+014B (decimal 331)
   defining Unicode char U+0150 (decimal 336)
   defining Unicode char U+0151 (decimal 337)
   defining Unicode char U+0152 (decimal 338)
   defining Unicode char U+0153 (decimal 339)
   defining Unicode char U+0154 (decimal 340)
   defining Unicode char U+0155 (decimal 341)
   defining Unicode char U+0158 (decimal 344)
   defining Unicode char U+0159 (decimal 345)
   defining Unicode char U+015A (decimal 346)
   defining Unicode char U+015B (decimal 347)
   defining Unicode char U+015E (decimal 350)
   defining Unicode char U+015F (decimal 351)
   defining Unicode char U+0160 (decimal 352)
   defining Unicode char U+0161 (decimal 353)
   defining Unicode char U+0162 (decimal 354)
   defining Unicode char U+0163 (decimal 355)
   defining Unicode char U+0164 (decimal 356)
   defining Unicode char U+0165 (decimal 357)
   defining Unicode char U+016E (decimal 366)
   defining Unicode char U+016F (decimal 367)
   defining Unicode char U+0170 (decimal 368)
   defining Unicode char U+0171 (decimal 369)
   defining Unicode char U+0178 (decimal 376)
   defining Unicode char U+0179 (decimal 377)
   defining Unicode char U+017A (decimal 378)
   defining Unicode char U+017B (decimal 379)
   defining Unicode char U+017C (decimal 380)
   defining Unicode char U+017D (decimal 381)
   defining Unicode char U+017E (decimal 382)
   defining Unicode char U+200C (decimal 8204)
   defining Unicode char U+2013 (decimal 8211)
   defining Unicode char U+2014 (decimal 8212)
   defining Unicode char U+2018 (decimal 8216)
   defining Unicode char U+2019 (decimal 8217)
   defining Unicode char U+201A (decimal 8218)
   defining Unicode char U+201C (decimal 8220)
   defining Unicode char U+201D (decimal 8221)
   defining Unicode char U+201E (decimal 8222)
   defining Unicode char U+2030 (decimal 8240)
   defining Unicode char U+2031 (decimal 8241)
   defining Unicode char U+2039 (decimal 8249)
   defining Unicode char U+203A (decimal 8250)
   defining Unicode char U+2423 (decimal 9251)
)
Now handling font encoding OT1 ...
... processing UTF-8 mapping file for font encoding OT1

("C:\Program Files\MiKTeX 2.9\tex\latex\base\ot1enc.dfu"
File: ot1enc.dfu 2008/04/05 v1.1m UTF-8 support for inputenc
   defining Unicode char U+00A1 (decimal 161)
   defining Unicode char U+00A3 (decimal 163)
   defining Unicode char U+00B8 (decimal 184)
   defining Unicode char U+00BF (decimal 191)
   defining Unicode char U+00C5 (decimal 197)
   defining Unicode char U+00C6 (decimal 198)
   defining Unicode char U+00D8 (decimal 216)
   defining Unicode char U+00DF (decimal 223)
   defining Unicode char U+00E6 (decimal 230)
   defining Unicode char U+00EC (decimal 236)
   defining Unicode char U+00ED (decimal 237)
   defining Unicode char U+00EE (decimal 238)
   defining Unicode char U+00EF (decimal 239)
   defining Unicode char U+00F8 (decimal 248)
   defining Unicode char U+0131 (decimal 305)
   defining Unicode char U+0141 (decimal 321)
   defining Unicode char U+0142 (decimal 322)
   defining Unicode char U+0152 (decimal 338)
   defining Unicode char U+0153 (decimal 339)
   defining Unicode char U+2013 (decimal 8211)
   defining Unicode char U+2014 (decimal 8212)
   defining Unicode char U+2018 (decimal 8216)
   defining Unicode char U+2019 (decimal 8217)
   defining Unicode char U+201C (decimal 8220)
   defining Unicode char U+201D (decimal 8221)
)
Now handling font encoding OMS ...
... processing UTF-8 mapping file for font encoding OMS

("C:\Program Files\MiKTeX 2.9\tex\latex\base\omsenc.dfu"
File: omsenc.dfu 2008/04/05 v1.1m UTF-8 support for inputenc
   defining Unicode char U+00A7 (decimal 167)
   defining Unicode char U+00B6 (decimal 182)
   defining Unicode char U+00B7 (decimal 183)
   defining Unicode char U+2020 (decimal 8224)
   defining Unicode char U+2021 (decimal 8225)
   defining Unicode char U+2022 (decimal 8226)
)
Now handling font encoding OMX ...
... no UTF-8 mapping file for font encoding OMX
Now handling font encoding U ...
... no UTF-8 mapping file for font encoding U
Now handling font encoding PD1 ...
... no UTF-8 mapping file for font encoding PD1
Now handling font encoding TS1 ...
... processing UTF-8 mapping file for font encoding TS1

("C:\Program Files\MiKTeX 2.9\tex\latex\base\ts1enc.dfu"
File: ts1enc.dfu 2008/04/05 v1.1m UTF-8 support for inputenc
   defining Unicode char U+00A2 (decimal 162)
   defining Unicode char U+00A3 (decimal 163)
   defining Unicode char U+00A4 (decimal 164)
   defining Unicode char U+00A5 (decimal 165)
   defining Unicode char U+00A6 (decimal 166)
   defining Unicode char U+00A7 (decimal 167)
   defining Unicode char U+00A8 (decimal 168)
   defining Unicode char U+00A9 (decimal 169)
   defining Unicode char U+00AA (decimal 170)
   defining Unicode char U+00AC (decimal 172)
   defining Unicode char U+00AE (decimal 174)
   defining Unicode char U+00AF (decimal 175)
   defining Unicode char U+00B0 (decimal 176)
   defining Unicode char U+00B1 (decimal 177)
   defining Unicode char U+00B2 (decimal 178)
   defining Unicode char U+00B3 (decimal 179)
   defining Unicode char U+00B4 (decimal 180)
   defining Unicode char U+00B5 (decimal 181)
   defining Unicode char U+00B6 (decimal 182)
   defining Unicode char U+00B7 (decimal 183)
   defining Unicode char U+00B9 (decimal 185)
   defining Unicode char U+00BA (decimal 186)
   defining Unicode char U+00BC (decimal 188)
   defining Unicode char U+00BD (decimal 189)
   defining Unicode char U+00BE (decimal 190)
   defining Unicode char U+00D7 (decimal 215)
   defining Unicode char U+00F7 (decimal 247)
   defining Unicode char U+0192 (decimal 402)
   defining Unicode char U+02C7 (decimal 711)
   defining Unicode char U+02D8 (decimal 728)
   defining Unicode char U+02DD (decimal 733)
   defining Unicode char U+0E3F (decimal 3647)
   defining Unicode char U+2016 (decimal 8214)
   defining Unicode char U+2020 (decimal 8224)
   defining Unicode char U+2021 (decimal 8225)
   defining Unicode char U+2022 (decimal 8226)
   defining Unicode char U+2030 (decimal 8240)
   defining Unicode char U+2031 (decimal 8241)
   defining Unicode char U+203B (decimal 8251)
   defining Unicode char U+203D (decimal 8253)
   defining Unicode char U+2044 (decimal 8260)
   defining Unicode char U+204E (decimal 8270)
   defining Unicode char U+2052 (decimal 8274)
   defining Unicode char U+20A1 (decimal 8353)
   defining Unicode char U+20A4 (decimal 8356)
   defining Unicode char U+20A6 (decimal 8358)
   defining Unicode char U+20A9 (decimal 8361)
   defining Unicode char U+20AB (decimal 8363)
   defining Unicode char U+20AC (decimal 8364)
   defining Unicode char U+20B1 (decimal 8369)
   defining Unicode char U+2103 (decimal 8451)
   defining Unicode char U+2116 (decimal 8470)
   defining Unicode char U+2117 (decimal 8471)
   defining Unicode char U+211E (decimal 8478)
   defining Unicode char U+2120 (decimal 8480)
   defining Unicode char U+2122 (decimal 8482)
   defining Unicode char U+2126 (decimal 8486)
   defining Unicode char U+2127 (decimal 8487)
   defining Unicode char U+212E (decimal 8494)
   defining Unicode char U+2190 (decimal 8592)
   defining Unicode char U+2191 (decimal 8593)
   defining Unicode char U+2192 (decimal 8594)
   defining Unicode char U+2193 (decimal 8595)
   defining Unicode char U+2329 (decimal 9001)
   defining Unicode char U+232A (decimal 9002)
   defining Unicode char U+2422 (decimal 9250)
   defining Unicode char U+25E6 (decimal 9702)
   defining Unicode char U+25EF (decimal 9711)
   defining Unicode char U+266A (decimal 9834)
)
   defining Unicode char U+00A9 (decimal 169)
   defining Unicode char U+00AA (decimal 170)
   defining Unicode char U+00AE (decimal 174)
   defining Unicode char U+00BA (decimal 186)
   defining Unicode char U+02C6 (decimal 710)
   defining Unicode char U+02DC (decimal 732)
   defining Unicode char U+200C (decimal 8204)
   defining Unicode char U+2026 (decimal 8230)
   defining Unicode char U+2122 (decimal 8482)
   defining Unicode char U+2423 (decimal 9251)
))
("C:\Program Files\MiKTeX 2.9\tex\generic\babel\babel.sty"
Package: babel 2008/07/08 v3.8m The Babel package

*************************************
* Local config file bblopts.cfg used
*
("C:\Program Files\MiKTeX 2.9\tex\latex\00miktex\bblopts.cfg"
File: bblopts.cfg 2006/07/31 v1.0 MiKTeX 'babel' configuration
)
("C:\Program Files\MiKTeX 2.9\tex\generic\babel\english.ldf"
Language: english 2005/03/30 v3.3o English support from the babel system

("C:\Program Files\MiKTeX 2.9\tex\generic\babel\babel.def"
File: babel.def 2008/07/08 v3.8m Babel common definitions
\babel@savecnt=\count190
\U@D=\dimen206
)
\l@canadian = a dialect from \language\l@american 
\l@australian = a dialect from \language\l@british 
\l@newzealand = a dialect from \language\l@british 
))
("C:\Program Files\MiKTeX 2.9\tex\latex\amscls\amsthm.sty"
Package: amsthm 2004/08/06 v2.20
\thm@style=\toks39
\thm@bodyfont=\toks40
\thm@headfont=\toks41
\thm@notefont=\toks42
\thm@headpunct=\toks43
\thm@preskip=\skip80
\thm@postskip=\skip81
\thm@headsep=\skip82
\dth@everypar=\toks44
LaTeX Info: Redefining \qed on input line 283.
)
\c@remark=\count191

(C:\Users\Mostafa\Dropbox\CO2_MostafaVahidShen\CO2_Paper_Draft\Revision\CO2pape
r_Draft.aux

LaTeX Warning: Label `Fig:Notched_geometry' multiply defined.

)
LaTeX Font Info:    Checking defaults for OML/cmm/m/it on input line 153.
LaTeX Font Info:    ... okay on input line 153.
LaTeX Font Info:    Checking defaults for T1/cmr/m/n on input line 153.
LaTeX Font Info:    ... okay on input line 153.
LaTeX Font Info:    Checking defaults for OT1/cmr/m/n on input line 153.
LaTeX Font Info:    ... okay on input line 153.
LaTeX Font Info:    Checking defaults for OMS/cmsy/m/n on input line 153.
LaTeX Font Info:    ... okay on input line 153.
LaTeX Font Info:    Checking defaults for OMX/cmex/m/n on input line 153.
LaTeX Font Info:    ... okay on input line 153.
LaTeX Font Info:    Checking defaults for U/cmr/m/n on input line 153.
LaTeX Font Info:    ... okay on input line 153.
LaTeX Font Info:    Checking defaults for PD1/pdf/m/n on input line 153.
LaTeX Font Info:    ... okay on input line 153.
LaTeX Font Info:    Checking defaults for TS1/cmr/m/n on input line 153.
LaTeX Font Info:    Try loading font information for TS1+cmr on input line 153.

 ("C:\Program Files\MiKTeX 2.9\tex\latex\base\ts1cmr.fd"
File: ts1cmr.fd 1999/05/25 v2.5h Standard LaTeX font definitions
)
LaTeX Font Info:    ... okay on input line 153.

("C:\Program Files\MiKTeX 2.9\tex\context\base\supp-pdf.mkii"
[Loading MPS to PDF converter (version 2006.09.02).]
\scratchcounter=\count192
\scratchdimen=\dimen207
\scratchbox=\box55
\nofMPsegments=\count193
\nofMParguments=\count194
\everyMPshowfont=\toks45
\MPscratchCnt=\count195
\MPscratchDim=\dimen208
\MPnumerator=\count196
\makeMPintoPDFobject=\count197
\everyMPtoPDFconversion=\toks46
)
\AtBeginShipoutBox=\box56
Package hyperref Info: Link coloring OFF on input line 153.
 ("C:\Program Files\MiKTeX 2.9\tex\latex\hyperref\nameref.sty"
Package: nameref 2012/10/27 v2.43 Cross-referencing by name of section

("C:\Program Files\MiKTeX 2.9\tex\generic\oberdiek\gettitlestring.sty"
Package: gettitlestring 2010/12/03 v1.4 Cleanup title references (HO)
)
\c@section@level=\count198
)
LaTeX Info: Redefining \ref on input line 153.
LaTeX Info: Redefining \pageref on input line 153.
LaTeX Info: Redefining \nameref on input line 153.

(C:\Users\Mostafa\Dropbox\CO2_MostafaVahidShen\CO2_Paper_Draft\Revision\CO2pape
r_Draft.out)
(C:\Users\Mostafa\Dropbox\CO2_MostafaVahidShen\CO2_Paper_Draft\Revision\CO2pape
r_Draft.out)
\@outlinefile=\write5
Package caption Info: Begin \AtBeginDocument code.
Package caption Info: subfig package v1.3 is loaded.
Package caption Info: listings package is loaded.
Package caption Info: End \AtBeginDocument code.
 ABD: EveryShipout initializing macros
\c@lstlisting=\count199
LaTeX Font Info:    Try loading font information for U+msa on input line 183.

("C:\Program Files\MiKTeX 2.9\tex\latex\amsfonts\umsa.fd"
File: umsa.fd 2013/01/14 v3.01 AMS symbols A
)
LaTeX Font Info:    Try loading font information for U+msb on input line 183.

("C:\Program Files\MiKTeX 2.9\tex\latex\amsfonts\umsb.fd"
File: umsb.fd 2013/01/14 v3.01 AMS symbols B
)
LaTeX Font Info:    Try loading font information for U+rsfs on input line 183.

("C:\Program Files\MiKTeX 2.9\tex\latex\jknappen\ursfs.fd"
File: ursfs.fd 1998/03/24 rsfs font definition file (jk)
)
(C:\Users\Mostafa\Dropbox\CO2_MostafaVahidShen\CO2_Paper_Draft\Revision\section
_1_Introduction_co2.tex [1


{C:/ProgramData/MiKTeX/2.9/pdftex/config/pdftex.map}] [2])
(C:\Users\Mostafa\Dropbox\CO2_MostafaVahidShen\CO2_Paper_Draft\Revision\section
_2_Math_model2_co2.tex [3]
<figures/omega_insitu_sharp.pdf, id=171, 363.03629pt x 384.47641pt>
File: figures/omega_insitu_sharp.pdf Graphic file (type pdf)

<use figures/omega_insitu_sharp.pdf>
Package pdftex.def Info: figures/omega_insitu_sharp.pdf used on input line 20.
(pdftex.def)             Requested size: 142.26378pt x 150.66678pt.

<figures/omega_insitu_phasefield.pdf, id=172, 531.4254pt x 380.8629pt>
File: figures/omega_insitu_phasefield.pdf Graphic file (type pdf)

<use figures/omega_insitu_phasefield.pdf>
Package pdftex.def Info: figures/omega_insitu_phasefield.pdf used on input line
 21.
(pdftex.def)             Requested size: 213.39566pt x 152.93523pt.

Overfull \hbox (10.65944pt too wide) in paragraph at lines 20--23
 [][][][] 
 []

[4 <C:/Users/Mostafa/Dropbox/CO2_MostafaVahidShen/CO2_Paper_Draft/Revision/figu
res/omega_insitu_sharp.pdf> <C:/Users/Mostafa/Dropbox/CO2_MostafaVahidShen/CO2_
Paper_Draft/Revision/figures/omega_insitu_phasefield.pdf

pdfTeX warning: pdflatex.exe (file C:/Users/Mostafa/Dropbox/CO2_MostafaVahidShe
n/CO2_Paper_Draft/Revision/figures/omega_insitu_phasefield.pdf): PDF inclusion:
 multiple pdfs with page group included in a single page
>]
LaTeX Font Info:    Try loading font information for U+eus on input line 89.
 ("C:\Program Files\MiKTeX 2.9\tex\latex\amsfonts\ueus.fd"
File: ueus.fd 2013/01/14 v3.01 Euler Script
)pdfTeX warning (ext4): destination with the same identifier (name{equation.2.1
}) has been already used, duplicate ignored
<to be read again> 
                   \relax 
l.89 \end{align}
                 [5pdfTeX warning (ext4): destination with the same identifier 
(name{equation.2.2}) has been already used, duplicate ignored

\AtBegShi@Output ...ipout \box \AtBeginShipoutBox 
                                                  \fi \fi 
l.105 \begin{equation*}
                       %\label{Eq:psi}] [6]
<figures/permeability.pdf, id=281, 489.9906pt x 417.7206pt>
File: figures/permeability.pdf Graphic file (type pdf)

<use figures/permeability.pdf>
Package pdftex.def Info: figures/permeability.pdf used on input line 266.
(pdftex.def)             Requested size: 207.0021pt x 176.46765pt.
 [7] [8 <C:/Users/Mostafa/Dropbox/CO2_MostafaVahidShen/CO2_Paper_Draft/Revision
/figures/permeability.pdf>])
(C:\Users\Mostafa\Dropbox\CO2_MostafaVahidShen\CO2_Paper_Draft\Revision\section
_3_Num_sol_co2.tex [9] [10])
(C:\Users\Mostafa\Dropbox\CO2_MostafaVahidShen\CO2_Paper_Draft\Revision\section
_4_Num_exam_co2.tex [11]
(C:\Users\Mostafa\Dropbox\CO2_MostafaVahidShen\CO2_Paper_Draft\Revision\appendi
x_A_verification_co2.tex
<figures/edgeNotch.pdf, id=414, 516.2487pt x 432.17459pt>
File: figures/edgeNotch.pdf Graphic file (type pdf)

<use figures/edgeNotch.pdf>
Package pdftex.def Info: figures/edgeNotch.pdf used on input line 9.
(pdftex.def)             Requested size: 227.62204pt x 190.55307pt.
 [12 <C:/Users/Mostafa/Dropbox/CO2_MostafaVahidShen/CO2_Paper_Draft/Revision/fi
gures/edgeNotch.pdf>]
Package epstopdf Info: Source file: <figures/snapshot_l2h_t92.eps>
(epstopdf)                    date: 2018-09-20 01:49:18
(epstopdf)                    size: 306129 bytes
(epstopdf)             Output file: <figures/snapshot_l2h_t92-eps-converted-to.
pdf>
(epstopdf)                    date: 2019-01-20 00:39:09
(epstopdf)                    size: 17378 bytes
(epstopdf)             Command: <epstopdf --outfile=figures/snapshot_l2h_t92-ep
s-converted-to.pdf figures/snapshot_l2h_t92.eps>
(epstopdf)             \includegraphics on input line 37.
Package epstopdf Info: Output file is already uptodate.

<figures/snapshot_l2h_t92-eps-converted-to.pdf, id=447, 607.79073pt x 605.94379
pt>
File: figures/snapshot_l2h_t92-eps-converted-to.pdf Graphic file (type pdf)
 <use figures/snapshot_l2h_t92-eps-converted-to.pdf>
Package pdftex.def Info: figures/snapshot_l2h_t92-eps-converted-to.pdf used on 
input line 37.
(pdftex.def)             Requested size: 148.34747pt x 147.89815pt.

<figures/snapshot_l4h_t92-eps-converted-to.pdf, id=448, 624.3325pt x 608.2725pt
>
File: figures/snapshot_l4h_t92-eps-converted-to.pdf Graphic file (type pdf)
 <use figures/snapshot_l4h_t92-eps-converted-to.pdf>
Package pdftex.def Info: figures/snapshot_l4h_t92-eps-converted-to.pdf used on 
input line 40.
(pdftex.def)             Requested size: 150.76378pt x 146.8794pt.

<figures/snapshot_l2h_t93-eps-converted-to.pdf, id=449, 610.64134pt x 606.14456
pt>
File: figures/snapshot_l2h_t93-eps-converted-to.pdf Graphic file (type pdf)
 <use figures/snapshot_l2h_t93-eps-converted-to.pdf>
Package pdftex.def Info: figures/snapshot_l2h_t93-eps-converted-to.pdf used on 
input line 43.
(pdftex.def)             Requested size: 148.34747pt x 147.25348pt.

<figures/snapshot_l4h_t93-eps-converted-to.pdf, id=450, 609.83835pt x 610.07924
pt>
File: figures/snapshot_l4h_t93-eps-converted-to.pdf Graphic file (type pdf)
 <use figures/snapshot_l4h_t93-eps-converted-to.pdf>
Package pdftex.def Info: figures/snapshot_l4h_t93-eps-converted-to.pdf used on 
input line 46.
(pdftex.def)             Requested size: 148.34747pt x 148.40483pt.

<figures/snapshot_l2h_t99-eps-converted-to.pdf, id=451, 614.8571pt x 612.5284pt
>
File: figures/snapshot_l2h_t99-eps-converted-to.pdf Graphic file (type pdf)
 <use figures/snapshot_l2h_t99-eps-converted-to.pdf>
Package pdftex.def Info: figures/snapshot_l2h_t99-eps-converted-to.pdf used on 
input line 49.
(pdftex.def)             Requested size: 148.34747pt x 147.78557pt.

<figures/snapshot_l4h_t99-eps-converted-to.pdf, id=452, 614.295pt x 609.3967pt>
File: figures/snapshot_l4h_t99-eps-converted-to.pdf Graphic file (type pdf)
<use figures/snapshot_l4h_t99-eps-converted-to.pdf>
Package pdftex.def Info: figures/snapshot_l4h_t99-eps-converted-to.pdf used on 
input line 52.
(pdftex.def)             Requested size: 148.34747pt x 147.16016pt.

<figures/snapshot_COLORBAR.pdf, id=453, 682.9816pt x 132.4147pt>
File: figures/snapshot_COLORBAR.pdf Graphic file (type pdf)

<use figures/snapshot_COLORBAR.pdf>
Package pdftex.def Info: figures/snapshot_COLORBAR.pdf used on input line 54.
(pdftex.def)             Requested size: 227.62204pt x 44.13138pt.


LaTeX Warning: Float too large for page by 106.70111pt on input line 59.

<figures/Force_ELL_fracture.pdf, id=469, 422.05681pt x 423.50221pt>
File: figures/Force_ELL_fracture.pdf Graphic file (type pdf)

<use figures/Force_ELL_fracture.pdf>
Package pdftex.def Info: figures/Force_ELL_fracture.pdf used on input line 65.
(pdftex.def)             Requested size: 207.0021pt x 207.71175pt.
 [13] [14 <C:/Users/Mostafa/Dropbox/CO2_MostafaVahidShen/CO2_Paper_Draft/Revisi
on/figures/snapshot_l2h_t92-eps-converted-to.pdf> <C:/Users/Mostafa/Dropbox/CO2
_MostafaVahidShen/CO2_Paper_Draft/Revision/figures/snapshot_l4h_t92-eps-convert
ed-to.pdf> <C:/Users/Mostafa/Dropbox/CO2_MostafaVahidShen/CO2_Paper_Draft/Revis
ion/figures/snapshot_l2h_t93-eps-converted-to.pdf> <C:/Users/Mostafa/Dropbox/CO
2_MostafaVahidShen/CO2_Paper_Draft/Revision/figures/snapshot_l4h_t93-eps-conver
ted-to.pdf> <C:/Users/Mostafa/Dropbox/CO2_MostafaVahidShen/CO2_Paper_Draft/Revi
sion/figures/snapshot_l2h_t99-eps-converted-to.pdf> <C:/Users/Mostafa/Dropbox/C
O2_MostafaVahidShen/CO2_Paper_Draft/Revision/figures/snapshot_l4h_t99-eps-conve
rted-to.pdf> <C:/Users/Mostafa/Dropbox/CO2_MostafaVahidShen/CO2_Paper_Draft/Rev
ision/figures/snapshot_COLORBAR.pdf>]
[15 <C:/Users/Mostafa/Dropbox/CO2_MostafaVahidShen/CO2_Paper_Draft/Revision/fig
ures/Force_ELL_fracture.pdf>]
<figures/verify_porepressure.pdf, id=542, 506.6127pt x 414.1071pt>
File: figures/verify_porepressure.pdf Graphic file (type pdf)

<use figures/verify_porepressure.pdf>
Package pdftex.def Info: figures/verify_porepressure.pdf used on input line 114
.
(pdftex.def)             Requested size: 276.00105pt x 225.61122pt.

<figures/verify_tangentialstress.pdf, id=545, 516.73048pt x 419.166pt>
File: figures/verify_tangentialstress.pdf Graphic file (type pdf)

<use figures/verify_tangentialstress.pdf>
Package pdftex.def Info: figures/verify_tangentialstress.pdf used on input line
 121.
(pdftex.def)             Requested size: 276.00105pt x 223.89023pt.
 [16

] [17 <C:/Users/Mostafa/Dropbox/CO2_MostafaVahidShen/CO2_Paper_Draft/Revision/f
igures/verify_porepressure.pdf> <C:/Users/Mostafa/Dropbox/CO2_MostafaVahidShen/
CO2_Paper_Draft/Revision/figures/verify_tangentialstress.pdf>]
Package epstopdf Info: Source file: <figures/centerCrack_sneddon.eps>
(epstopdf)                    date: 2018-09-20 01:49:10
(epstopdf)                    size: 205990 bytes
(epstopdf)             Output file: <figures/centerCrack_sneddon-eps-converted-
to.pdf>
(epstopdf)                    date: 2018-09-20 09:56:19
(epstopdf)                    size: 9333 bytes
(epstopdf)             Command: <epstopdf --outfile=figures/centerCrack_sneddon
-eps-converted-to.pdf figures/centerCrack_sneddon.eps>
(epstopdf)             \includegraphics on input line 137.
Package epstopdf Info: Output file is already uptodate.

<figures/centerCrack_sneddon-eps-converted-to.pdf, id=601, 550.055pt x 482.8037
6pt>
File: figures/centerCrack_sneddon-eps-converted-to.pdf Graphic file (type pdf)
 <use figures/centerCrack_sneddon-eps-converted-to.pdf>
Package pdftex.def Info: figures/centerCrack_sneddon-eps-converted-to.pdf used 
on input line 137.
(pdftex.def)             Requested size: 276.00105pt x 242.26321pt.
Package epstopdf Info: Source file: <figures/width_ellVary.eps>
(epstopdf)                    date: 2018-09-20 01:49:18
(epstopdf)                    size: 2145517 bytes
(epstopdf)             Output file: <figures/width_ellVary-eps-converted-to.pdf
>
(epstopdf)                    date: 2018-09-20 10:01:40
(epstopdf)                    size: 25268 bytes
(epstopdf)             Command: <epstopdf --outfile=figures/width_ellVary-eps-c
onverted-to.pdf figures/width_ellVary.eps>
(epstopdf)             \includegraphics on input line 169.
Package epstopdf Info: Output file is already uptodate.

<figures/width_ellVary-eps-converted-to.pdf, id=606, 460.72125pt x 411.5375pt>
File: figures/width_ellVary-eps-converted-to.pdf Graphic file (type pdf)

<use figures/width_ellVary-eps-converted-to.pdf>
Package pdftex.def Info: figures/width_ellVary-eps-converted-to.pdf used on inp
ut line 169.
(pdftex.def)             Requested size: 172.5pt x 154.08128pt.
Package epstopdf Info: Source file: <figures/width_hVary.eps>
(epstopdf)                    date: 2018-09-20 01:49:18
(epstopdf)                    size: 2146702 bytes
(epstopdf)             Output file: <figures/width_hVary-eps-converted-to.pdf>
(epstopdf)                    date: 2018-09-20 10:01:44
(epstopdf)                    size: 25128 bytes
(epstopdf)             Command: <epstopdf --outfile=figures/width_hVary-eps-con
verted-to.pdf figures/width_hVary.eps>
(epstopdf)             \includegraphics on input line 172.
Package epstopdf Info: Output file is already uptodate.

<figures/width_hVary-eps-converted-to.pdf, id=607, 475.7775pt x 428.60126pt>
File: figures/width_hVary-eps-converted-to.pdf Graphic file (type pdf)

<use figures/width_hVary-eps-converted-to.pdf>
Package pdftex.def Info: figures/width_hVary-eps-converted-to.pdf used on input
 line 172.
(pdftex.def)             Requested size: 172.5pt x 155.39503pt.

Overfull \hbox (13.33331pt too wide) in paragraph at lines 169--173
 [][][][] 
 []


LaTeX Warning: No positions in optional float specifier.
               Default added (so using `tbp') on input line 184.

) [18] [19 <C:/Users/Mostafa/Dropbox/CO2_MostafaVahidShen/CO2_Paper_Draft/Revis
ion/figures/centerCrack_sneddon-eps-converted-to.pdf> <C:/Users/Mostafa/Dropbox
/CO2_MostafaVahidShen/CO2_Paper_Draft/Revision/figures/width_ellVary-eps-conver
ted-to.pdf> <C:/Users/Mostafa/Dropbox/CO2_MostafaVahidShen/CO2_Paper_Draft/Revi
sion/figures/width_hVary-eps-converted-to.pdf>]

Package hyperref Warning: Token not allowed in a PDF string (PDFDocEncoding):
(hyperref)                removing `\added' on input line 58.


<figures/Interaction_pressurized_2cracks.pdf, id=681, 545.1567pt x 459.6372pt>
File: figures/Interaction_pressurized_2cracks.pdf Graphic file (type pdf)

<use figures/Interaction_pressurized_2cracks.pdf>
Package pdftex.def Info: figures/Interaction_pressurized_2cracks.pdf used on in
put line 66.
(pdftex.def)             Requested size: 276.00105pt x 232.7146pt.

<figures/alpha_inter_0.pdf, id=692, 609.71913pt x 607.17pt>
File: figures/alpha_inter_0.pdf Graphic file (type pdf)

<use figures/alpha_inter_0.pdf>
Package pdftex.def Info: figures/alpha_inter_0.pdf used on input line 95.
(pdftex.def)             Requested size: 184.9429pt x 184.17209pt.

<figures/alpha_inter_112.pdf, id=693, 609.43683pt x 607.83084pt>
File: figures/alpha_inter_112.pdf Graphic file (type pdf)

<use figures/alpha_inter_112.pdf>
Package pdftex.def Info: figures/alpha_inter_112.pdf used on input line 96.
(pdftex.def)             Requested size: 184.9429pt x 184.45602pt.

Overfull \hbox (24.8858pt too wide) in paragraph at lines 95--97
 [][][][] 
 []

<figures/alpha_inter_113.pdf, id=694, 609.56284pt x 607.23224pt>
File: figures/alpha_inter_113.pdf Graphic file (type pdf)

<use figures/alpha_inter_113.pdf>
Package pdftex.def Info: figures/alpha_inter_113.pdf used on input line 98.
(pdftex.def)             Requested size: 184.9429pt x 184.2373pt.

<figures/alpha_inter_114.pdf, id=695, 608.7756pt x 606.5095pt>
File: figures/alpha_inter_114.pdf Graphic file (type pdf)

<use figures/alpha_inter_114.pdf>
Package pdftex.def Info: figures/alpha_inter_114.pdf used on input line 99.
(pdftex.def)             Requested size: 184.9429pt x 184.24939pt.

Overfull \hbox (24.8858pt too wide) in paragraph at lines 98--99
 [][][][] 
 []

<figures/alpha_inter_COLORBAR.pdf, id=696, 497.41835pt x 119.53056pt>
File: figures/alpha_inter_COLORBAR.pdf Graphic file (type pdf)

<use figures/alpha_inter_COLORBAR.pdf>
Package pdftex.def Info: figures/alpha_inter_COLORBAR.pdf used on input line 10
0.
(pdftex.def)             Requested size: 227.62204pt x 54.69836pt.
 [20 <C:/Users/Mostafa/Dropbox/CO2_MostafaVahidShen/CO2_Paper_Draft/Revision/fi
gures/Interaction_pressurized_2cracks.pdf>] [21 <C:/Users/Mostafa/Dropbox/CO2_M
ostafaVahidShen/CO2_Paper_Draft/Revision/figures/alpha_inter_0.pdf> <C:/Users/M
ostafa/Dropbox/CO2_MostafaVahidShen/CO2_Paper_Draft/Revision/figures/alpha_inte
r_112.pdf> <C:/Users/Mostafa/Dropbox/CO2_MostafaVahidShen/CO2_Paper_Draft/Revis
ion/figures/alpha_inter_113.pdf> <C:/Users/Mostafa/Dropbox/CO2_MostafaVahidShen
/CO2_Paper_Draft/Revision/figures/alpha_inter_114.pdf> <C:/Users/Mostafa/Dropbo
x/CO2_MostafaVahidShen/CO2_Paper_Draft/Revision/figures/alpha_inter_COLORBAR.pd
f>]

Package hyperref Warning: Token not allowed in a PDF string (PDFDocEncoding):
(hyperref)                removing `\added' on input line 106.


Package hyperref Warning: Token not allowed in a PDF string (PDFDocEncoding):
(hyperref)                removing `math shift' on input line 106.


Package hyperref Warning: Token not allowed in a PDF string (PDFDocEncoding):
(hyperref)                removing `subscript' on input line 106.


Package hyperref Warning: Token not allowed in a PDF string (PDFDocEncoding):
(hyperref)                removing `math shift' on input line 106.

<figures/GasFrackingModel2.pdf, id=757, 465.65971pt x 394.5942pt>
File: figures/GasFrackingModel2.pdf Graphic file (type pdf)

<use figures/GasFrackingModel2.pdf>
Package pdftex.def Info: figures/GasFrackingModel2.pdf used on input line 111.
(pdftex.def)             Requested size: 276.00105pt x 233.88028pt.
 [22 <C:/Users/Mostafa/Dropbox/CO2_MostafaVahidShen/CO2_Paper_Draft/Revision/fi
gures/GasFrackingModel2.pdf>]
<figures/alpha25.pdf, id=784, 796.57597pt x 784.57117pt>
File: figures/alpha25.pdf Graphic file (type pdf)

<use figures/alpha25.pdf>
Package pdftex.def Info: figures/alpha25.pdf used on input line 168.
(pdftex.def)             Requested size: 170.71652pt x 168.1408pt.

<figures/pressure25.pdf, id=785, 792.23982pt x 784.6932pt>
File: figures/pressure25.pdf Graphic file (type pdf)

<use figures/pressure25.pdf>
Package pdftex.def Info: figures/pressure25.pdf used on input line 169.
(pdftex.def)             Requested size: 170.71652pt x 169.0889pt.

<figures/alpha37.pdf, id=786, 785.13486pt x 783.12576pt>
File: figures/alpha37.pdf Graphic file (type pdf)

<use figures/alpha37.pdf>
Package pdftex.def Info: figures/alpha37.pdf used on input line 170.
(pdftex.def)             Requested size: 170.71652pt x 170.28067pt.

<figures/pressure37.pdf, id=787, 792.23982pt x 784.75435pt>
File: figures/pressure37.pdf Graphic file (type pdf)

<use figures/pressure37.pdf>
Package pdftex.def Info: figures/pressure37.pdf used on input line 171.
(pdftex.def)             Requested size: 170.71652pt x 169.10207pt.

<figures/alpha49.pdf, id=788, 785.01282pt x 896.58965pt>
File: figures/alpha49.pdf Graphic file (type pdf)

<use figures/alpha49.pdf>
Package pdftex.def Info: figures/alpha49.pdf used on input line 172.
(pdftex.def)             Requested size: 170.71652pt x 194.97931pt.

<figures/pressure49.pdf, id=789, 785.01282pt x 902.49329pt>
File: figures/pressure49.pdf Graphic file (type pdf)

<use figures/pressure49.pdf>
Package pdftex.def Info: figures/pressure49.pdf used on input line 173.
(pdftex.def)             Requested size: 170.71652pt x 196.26315pt.


LaTeX Warning: Float too large for page by 87.13266pt on input line 176.


<figures/Fracturelength_pressureboreholes_sigma_2.pdf, id=802, 544.19307pt x 42
9.2838pt>
File: figures/Fracturelength_pressureboreholes_sigma_2.pdf Graphic file (type p
df)
 <use figures/Fracturelength_pressureboreholes_sigma_2.pdf>
Package pdftex.def Info: figures/Fracturelength_pressureboreholes_sigma_2.pdf u
sed on input line 185.
(pdftex.def)             Requested size: 207.0021pt x 163.29329pt.
 [23]
[24 <C:/Users/Mostafa/Dropbox/CO2_MostafaVahidShen/CO2_Paper_Draft/Revision/fig
ures/alpha25.pdf> <C:/Users/Mostafa/Dropbox/CO2_MostafaVahidShen/CO2_Paper_Draf
t/Revision/figures/pressure25.pdf> <C:/Users/Mostafa/Dropbox/CO2_MostafaVahidSh
en/CO2_Paper_Draft/Revision/figures/alpha37.pdf> <C:/Users/Mostafa/Dropbox/CO2_
MostafaVahidShen/CO2_Paper_Draft/Revision/figures/pressure37.pdf> <C:/Users/Mos
tafa/Dropbox/CO2_MostafaVahidShen/CO2_Paper_Draft/Revision/figures/alpha49.pdf>
 <C:/Users/Mostafa/Dropbox/CO2_MostafaVahidShen/CO2_Paper_Draft/Revision/figure
s/pressure49.pdf>]
<figures/breakdownpressure_diff_ell_loadstep_2.pdf, id=852, 443.7378pt x 425.67
029pt>
File: figures/breakdownpressure_diff_ell_loadstep_2.pdf Graphic file (type pdf)

 <use figures/breakdownpressure_diff_ell_loadstep_2.pdf>
Package pdftex.def Info: figures/breakdownpressure_diff_ell_loadstep_2.pdf used
 on input line 232.
(pdftex.def)             Requested size: 207.0021pt x 198.57115pt.

<figures/Fracturelength_pressureboreholes_sigma_diff_2.pdf, id=856, 543.4704pt 
x 419.8887pt>
File: figures/Fracturelength_pressureboreholes_sigma_diff_2.pdf Graphic file (t
ype pdf)
 <use figures/Fracturelength_pressureboreholes_sigma_diff_2.pdf>
Package pdftex.def Info: figures/Fracturelength_pressureboreholes_sigma_diff_2.
pdf used on input line 257.
(pdftex.def)             Requested size: 207.0021pt x 159.93097pt.

[25 <C:/Users/Mostafa/Dropbox/CO2_MostafaVahidShen/CO2_Paper_Draft/Revision/fig
ures/Fracturelength_pressureboreholes_sigma_2.pdf>] [26 <C:/Users/Mostafa/Dropb
ox/CO2_MostafaVahidShen/CO2_Paper_Draft/Revision/figures/breakdownpressure_diff
_ell_loadstep_2.pdf> <C:/Users/Mostafa/Dropbox/CO2_MostafaVahidShen/CO2_Paper_D
raft/Revision/figures/Fracturelength_pressureboreholes_sigma_diff_2.pdf>]
<figures/breakdown_diff_viscosity_2.pdf, id=916, 450.2421pt x 419.166pt>
File: figures/breakdown_diff_viscosity_2.pdf Graphic file (type pdf)

<use figures/breakdown_diff_viscosity_2.pdf>
Package pdftex.def Info: figures/breakdown_diff_viscosity_2.pdf used on input l
ine 278.
(pdftex.def)             Requested size: 207.0021pt x 192.71635pt.


Package hyperref Warning: Token not allowed in a PDF string (PDFDocEncoding):
(hyperref)                removing `\added' on input line 283.


Package hyperref Warning: Token not allowed in a PDF string (PDFDocEncoding):
(hyperref)                removing `math shift' on input line 283.


Package hyperref Warning: Token not allowed in a PDF string (PDFDocEncoding):
(hyperref)                removing `subscript' on input line 283.


Package hyperref Warning: Token not allowed in a PDF string (PDFDocEncoding):
(hyperref)                removing `math shift' on input line 283.

<figures/GasFrackingModel2_inclined.pdf, id=919, 462.7689pt x 387.36722pt>
File: figures/GasFrackingModel2_inclined.pdf Graphic file (type pdf)

<use figures/GasFrackingModel2_inclined.pdf>
Package pdftex.def Info: figures/GasFrackingModel2_inclined.pdf used on input l
ine 289.
(pdftex.def)             Requested size: 276.00105pt x 231.039pt.
 [27 <C:/Users/Mostafa/Dropbox/CO2_MostafaVahidShen/CO2_Paper_Draft/Revision/fi
gures/breakdown_diff_viscosity_2.pdf>] <figures/alpha1_inter_co2.pdf, id=950, 6
09.43683pt x 611.69238pt>
File: figures/alpha1_inter_co2.pdf Graphic file (type pdf)

<use figures/alpha1_inter_co2.pdf>
Package pdftex.def Info: figures/alpha1_inter_co2.pdf used on input line 300.
(pdftex.def)             Requested size: 119.50157pt x 119.93755pt.

<figures/pressure1_inter_co2.pdf, id=951, 610.15956pt x 608.55357pt>
File: figures/pressure1_inter_co2.pdf Graphic file (type pdf)

<use figures/pressure1_inter_co2.pdf>
Package pdftex.def Info: figures/pressure1_inter_co2.pdf used on input line 301
.
(pdftex.def)             Requested size: 119.50157pt x 119.18283pt.

<figures/alpha2_inter_co2.pdf, id=952, 607.99142pt x 610.72165pt>
File: figures/alpha2_inter_co2.pdf Graphic file (type pdf)

<use figures/alpha2_inter_co2.pdf>
Package pdftex.def Info: figures/alpha2_inter_co2.pdf used on input line 302.
(pdftex.def)             Requested size: 119.50157pt x 120.0361pt.

<figures/pressure2_inter_co2.pdf, id=953, 608.71416pt x 608.55357pt>
File: figures/pressure2_inter_co2.pdf Graphic file (type pdf)

<use figures/pressure2_inter_co2.pdf>
Package pdftex.def Info: figures/pressure2_inter_co2.pdf used on input line 303
.
(pdftex.def)             Requested size: 119.50157pt x 119.4614pt.

<figures/alpha4_inter_co2.pdf, id=954, 610.15956pt x 608.55357pt>
File: figures/alpha4_inter_co2.pdf Graphic file (type pdf)

<use figures/alpha4_inter_co2.pdf>
Package pdftex.def Info: figures/alpha4_inter_co2.pdf used on input line 304.
(pdftex.def)             Requested size: 119.50157pt x 119.18283pt.

<figures/pressure4_inter_co2.pdf, id=955, 607.26875pt x 607.10817pt>
File: figures/pressure4_inter_co2.pdf Graphic file (type pdf)

<use figures/pressure4_inter_co2.pdf>
Package pdftex.def Info: figures/pressure4_inter_co2.pdf used on input line 305
.
(pdftex.def)             Requested size: 119.50157pt x 119.46483pt.

<figures/alpha5_inter_co2.pdf, id=956, 606.54608pt x 722.98819pt>
File: figures/alpha5_inter_co2.pdf Graphic file (type pdf)

<use figures/alpha5_inter_co2.pdf>
Package pdftex.def Info: figures/alpha5_inter_co2.pdf used on input line 306.
(pdftex.def)             Requested size: 119.50157pt x 142.44385pt.

<figures/pressure5_inter_co2.pdf, id=957, 606.54608pt x 721.13446pt>
File: figures/pressure5_inter_co2.pdf Graphic file (type pdf)

<use figures/pressure5_inter_co2.pdf>
Package pdftex.def Info: figures/pressure5_inter_co2.pdf used on input line 307
.
(pdftex.def)             Requested size: 119.50157pt x 142.07863pt.


LaTeX Warning: Float too large for page by 115.12753pt on input line 310.

)
(C:\Users\Mostafa\Dropbox\CO2_MostafaVahidShen\CO2_Paper_Draft\Revision\section
_5_conclusions.tex [28 <C:/Users/Mostafa/Dropbox/CO2_MostafaVahidShen/CO2_Paper
_Draft/Revision/figures/GasFrackingModel2_inclined.pdf>] [29 <C:/Users/Mostafa/
Dropbox/CO2_MostafaVahidShen/CO2_Paper_Draft/Revision/figures/alpha1_inter_co2.
pdf> <C:/Users/Mostafa/Dropbox/CO2_MostafaVahidShen/CO2_Paper_Draft/Revision/fi
gures/pressure1_inter_co2.pdf> <C:/Users/Mostafa/Dropbox/CO2_MostafaVahidShen/C
O2_Paper_Draft/Revision/figures/alpha2_inter_co2.pdf> <C:/Users/Mostafa/Dropbox
/CO2_MostafaVahidShen/CO2_Paper_Draft/Revision/figures/pressure2_inter_co2.pdf>
 <C:/Users/Mostafa/Dropbox/CO2_MostafaVahidShen/CO2_Paper_Draft/Revision/figure
s/alpha4_inter_co2.pdf> <C:/Users/Mostafa/Dropbox/CO2_MostafaVahidShen/CO2_Pape
r_Draft/Revision/figures/pressure4_inter_co2.pdf> <C:/Users/Mostafa/Dropbox/CO2
_MostafaVahidShen/CO2_Paper_Draft/Revision/figures/alpha5_inter_co2.pdf> <C:/Us
ers/Mostafa/Dropbox/CO2_MostafaVahidShen/CO2_Paper_Draft/Revision/figures/press
ure5_inter_co2.pdf>]) [30]
(C:\Users\Mostafa\Dropbox\CO2_MostafaVahidShen\CO2_Paper_Draft\Revision\appendi
x_B_weakform_co2.tex

Package hyperref Warning: Token not allowed in a PDF string (PDFDocEncoding):
(hyperref)                removing `\added' on input line 1.

[31

pdfTeX warning (ext4): destination with the same identifier (name{equation.A.1}
) has been already used, duplicate ignored

\AtBegShi@Output ...ipout \box \AtBeginShipoutBox 
                                                  \fi \fi 
l.78 \end{equation*}
                    pdfTeX warning (ext4): destination with the same identifier
 (name{equation.A.2}) has been already used, duplicate ignored

\AtBegShi@Output ...ipout \box \AtBeginShipoutBox 
                                                  \fi \fi 
l.78 \end{equation*}
                    pdfTeX warning (ext4): destination with the same identifier
 (name{equation.A.1}) has been already used, duplicate ignored

\AtBegShi@Output ...ipout \box \AtBeginShipoutBox 
                                                  \fi \fi 
l.78 \end{equation*}
                    pdfTeX warning (ext4): destination with the same identifier
 (name{equation.A.2}) has been already used, duplicate ignored

\AtBegShi@Output ...ipout \box \AtBeginShipoutBox 
                                                  \fi \fi 
l.78 \end{equation*}
                    ]
Overfull \hbox (5.32175pt too wide) in paragraph at lines 108--110
 []\OT1/cmr/m/it/10 Tangent stiff-ness ma-tri-ces.[] \OT1/cmr/m/n/10 The tan-ge
nt stiff-ness ma-tri-ces are needed for Newton-
 []

pdfTeX warning (ext4): destination with the same identifier (name{equation.A.1}
) has been already used, duplicate ignored
<to be read again> 
                   \relax 
l.118     \end{align}
                     pdfTeX warning (ext4): destination with the same identifie
r (name{equation.A.2}) has been already used, duplicate ignored
<to be read again> 
                   \relax 
l.118     \end{align}
                      [32]

Package hyperref Warning: Token not allowed in a PDF string (PDFDocEncoding):
(hyperref)                removing `math shift' on input line 185.


Package hyperref Warning: Token not allowed in a PDF string (PDFDocEncoding):
(hyperref)                removing `subscript' on input line 185.


Package hyperref Warning: Token not allowed in a PDF string (PDFDocEncoding):
(hyperref)                removing `math shift' on input line 185.

) [33]
(C:\Users\Mostafa\Dropbox\CO2_MostafaVahidShen\CO2_Paper_Draft\Revision\CO2pape
r_Draft.bbl [34] [35] [36] [37])
\Changes@OutFile=\write6
Package atveryend Info: Empty hook `BeforeClearDocument' on input line 225.
 [38]
Package atveryend Info: Empty hook `AfterLastShipout' on input line 225.

(C:\Users\Mostafa\Dropbox\CO2_MostafaVahidShen\CO2_Paper_Draft\Revision\CO2pape
r_Draft.aux)
Package atveryend Info: Executing hook `AtVeryEndDocument' on input line 225.
Package atveryend Info: Executing hook `AtEndAfterFileList' on input line 225.
Package rerunfilecheck Info: File `CO2paper_Draft.out' has not changed.
(rerunfilecheck)             Checksum: 105FE4B30CE8906F6D0555C26D4B7ED7;1449.


LaTeX Warning: There were multiply-defined labels.

Package atveryend Info: Empty hook `AtVeryVeryEnd' on input line 225.
 ) 
Here is how much of TeX's memory you used:
 22896 strings out of 493921
 386420 string characters out of 3147277
 583544 words of memory out of 3000000
 25410 multiletter control sequences out of 15000+200000
 22219 words of font info for 85 fonts, out of 3000000 for 9000
 841 hyphenation exceptions out of 8191
 63i,18n,85p,1292b,1282s stack positions out of 5000i,500n,10000p,200000b,50000s
<C:/Program Files/MiKTeX 2.9/fonts/type1/public/amsfonts/cm/cmbx10.pfb><C:/Pr
ogram Files/MiKTeX 2.9/fonts/type1/public/amsfonts/cm/cmbx7.pfb><C:/Program Fil
es/MiKTeX 2.9/fonts/type1/public/amsfonts/cm/cmbxti10.pfb><C:/Program Files/MiK
TeX 2.9/fonts/type1/public/amsfonts/cm/cmex10.pfb><C:/Program Files/MiKTeX 2.9/
fonts/type1/public/amsfonts/cm/cmmi10.pfb><C:/Program Files/MiKTeX 2.9/fonts/ty
pe1/public/amsfonts/cm/cmmi5.pfb><C:/Program Files/MiKTeX 2.9/fonts/type1/publi
c/amsfonts/cm/cmmi6.pfb><C:/Program Files/MiKTeX 2.9/fonts/type1/public/amsfont
s/cm/cmmi7.pfb><C:/Program Files/MiKTeX 2.9/fonts/type1/public/amsfonts/cm/cmmi
8.pfb><C:/Program Files/MiKTeX 2.9/fonts/type1/public/amsfonts/cm/cmmib10.pfb><
C:/Program Files/MiKTeX 2.9/fonts/type1/public/amsfonts/cmextra/cmmib7.pfb><C:/
Program Files/MiKTeX 2.9/fonts/type1/public/amsfonts/cmextra/cmmib8.pfb><C:/Pro
gram Files/MiKTeX 2.9/fonts/type1/public/amsfonts/cm/cmr10.pfb><C:/Program File
s/MiKTeX 2.9/fonts/type1/public/amsfonts/cm/cmr12.pfb><C:/Program Files/MiKTeX 
2.9/fonts/type1/public/amsfonts/cm/cmr5.pfb><C:/Program Files/MiKTeX 2.9/fonts/
type1/public/amsfonts/cm/cmr6.pfb><C:/Program Files/MiKTeX 2.9/fonts/type1/publ
ic/amsfonts/cm/cmr7.pfb><C:/Program Files/MiKTeX 2.9/fonts/type1/public/amsfont
s/cm/cmr8.pfb><C:/Program Files/MiKTeX 2.9/fonts/type1/public/amsfonts/cm/cmss8
.pfb><C:/Program Files/MiKTeX 2.9/fonts/type1/public/amsfonts/cm/cmsy10.pfb><C:
/Program Files/MiKTeX 2.9/fonts/type1/public/amsfonts/cm/cmsy6.pfb><C:/Program 
Files/MiKTeX 2.9/fonts/type1/public/amsfonts/cm/cmsy7.pfb><C:/Program Files/MiK
TeX 2.9/fonts/type1/public/amsfonts/cm/cmsy8.pfb><C:/Program Files/MiKTeX 2.9/f
onts/type1/public/amsfonts/cm/cmti10.pfb><C:/Program Files/MiKTeX 2.9/fonts/typ
e1/public/amsfonts/cm/cmti7.pfb><C:/Program Files/MiKTeX 2.9/fonts/type1/public
/amsfonts/cm/cmti8.pfb><C:/Program Files/MiKTeX 2.9/fonts/type1/public/amsfonts
/cm/cmtt10.pfb><C:/Program Files/MiKTeX 2.9/fonts/type1/public/amsfonts/cm/cmtt
8.pfb><C:/Program Files/MiKTeX 2.9/fonts/type1/public/amsfonts/cm/cmtt9.pfb><C:
/Program Files/MiKTeX 2.9/fonts/type1/public/amsfonts/euler/eusm10.pfb><C:/Prog
ram Files/MiKTeX 2.9/fonts/type1/public/amsfonts/symbols/msbm10.pfb>
Output written on CO2paper_Draft.pdf (38 pages, 63815506 bytes).
PDF statistics:
 1248 PDF objects out of 1440 (max. 8388607)
 246 named destinations out of 1000 (max. 500000)
 372 words of extra memory for PDF output out of 10000 (max. 10000000)

